C:\Program Files\Microsoft Visual Studio\2022\Community\MSBuild\Microsoft\VC\v170\Microsoft.CppBuild.targets(531,5): warning MSB8028: The intermediate directory (../Win32/Release\) contains files shared from another project (Game.vcxproj).  This can lead to incorrect clean and rebuild behavior.
  Lib.cpp
C:\Users\mrbar\Git Folders\Game-Mod-Q4\idlib\Lib.h(120,41): warning C4996: 'strcpy': This function or variable may be unsafe. Consider using strcpy_s instead. To disable deprecation, use _CRT_SECURE_NO_WARNINGS. See online help for details.
  (compiling source file 'idlib/Lib.cpp')
  
C:\Users\mrbar\Git Folders\Game-Mod-Q4\idlib\math\Random.h(35,39): warning C4458: declaration of 'seed' hides class member
  (compiling source file 'idlib/Lib.cpp')
      C:\Users\mrbar\Git Folders\Game-Mod-Q4\idlib\math\Random.h(28,10):
      see declaration of 'idRandom::seed'
  
C:\Users\mrbar\Git Folders\Game-Mod-Q4\idlib\math\Random.h(97,50): warning C4458: declaration of 'seed' hides class member
  (compiling source file 'idlib/Lib.cpp')
      C:\Users\mrbar\Git Folders\Game-Mod-Q4\idlib\math\Random.h(87,18):
      see declaration of 'idRandom2::seed'
  
C:\Users\mrbar\Git Folders\Game-Mod-Q4\idlib\math\Complex.h(82,44): warning C4458: declaration of 'r' hides class member
  (compiling source file 'idlib/Lib.cpp')
      C:\Users\mrbar\Git Folders\Game-Mod-Q4\idlib\math\Complex.h(15,11):
      see declaration of 'idComplex::r'
  
C:\Users\mrbar\Git Folders\Game-Mod-Q4\idlib\math\Complex.h(82,59): warning C4458: declaration of 'i' hides class member
  (compiling source file 'idlib/Lib.cpp')
      C:\Users\mrbar\Git Folders\Game-Mod-Q4\idlib\math\Complex.h(16,11):
      see declaration of 'idComplex::i'
  
C:\Users\mrbar\Git Folders\Game-Mod-Q4\idlib\math\Vector.h(101,41): warning C4458: declaration of 'x' hides class member
  (compiling source file 'idlib/Lib.cpp')
      C:\Users\mrbar\Git Folders\Game-Mod-Q4\idlib\math\Vector.h(31,10):
      see declaration of 'idVec2::x'
  
C:\Users\mrbar\Git Folders\Game-Mod-Q4\idlib\math\Vector.h(101,56): warning C4458: declaration of 'y' hides class member
  (compiling source file 'idlib/Lib.cpp')
      C:\Users\mrbar\Git Folders\Game-Mod-Q4\idlib\math\Vector.h(32,10):
      see declaration of 'idVec2::y'
  
C:\Users\mrbar\Git Folders\Game-Mod-Q4\idlib\math\Vector.h(600,41): warning C4458: declaration of 'x' hides class member
  (compiling source file 'idlib/Lib.cpp')
      C:\Users\mrbar\Git Folders\Game-Mod-Q4\idlib\math\Vector.h(328,10):
      see declaration of 'idVec3::x'
  
C:\Users\mrbar\Git Folders\Game-Mod-Q4\idlib\math\Vector.h(600,56): warning C4458: declaration of 'y' hides class member
  (compiling source file 'idlib/Lib.cpp')
      C:\Users\mrbar\Git Folders\Game-Mod-Q4\idlib\math\Vector.h(329,10):
      see declaration of 'idVec3::y'
  
C:\Users\mrbar\Git Folders\Game-Mod-Q4\idlib\math\Vector.h(600,71): warning C4458: declaration of 'z' hides class member
  (compiling source file 'idlib/Lib.cpp')
      C:\Users\mrbar\Git Folders\Game-Mod-Q4\idlib\math\Vector.h(330,10):
      see declaration of 'idVec3::z'
  
C:\Users\mrbar\Git Folders\Game-Mod-Q4\idlib\math\Vector.h(1220,41): warning C4458: declaration of 'x' hides class member
  (compiling source file 'idlib/Lib.cpp')
      C:\Users\mrbar\Git Folders\Game-Mod-Q4\idlib\math\Vector.h(1140,10):
      see declaration of 'idVec4::x'
  
C:\Users\mrbar\Git Folders\Game-Mod-Q4\idlib\math\Vector.h(1220,56): warning C4458: declaration of 'y' hides class member
  (compiling source file 'idlib/Lib.cpp')
      C:\Users\mrbar\Git Folders\Game-Mod-Q4\idlib\math\Vector.h(1141,10):
      see declaration of 'idVec4::y'
  
C:\Users\mrbar\Git Folders\Game-Mod-Q4\idlib\math\Vector.h(1220,71): warning C4458: declaration of 'z' hides class member
  (compiling source file 'idlib/Lib.cpp')
      C:\Users\mrbar\Git Folders\Game-Mod-Q4\idlib\math\Vector.h(1142,10):
      see declaration of 'idVec4::z'
  
C:\Users\mrbar\Git Folders\Game-Mod-Q4\idlib\math\Vector.h(1220,86): warning C4458: declaration of 'w' hides class member
  (compiling source file 'idlib/Lib.cpp')
      C:\Users\mrbar\Git Folders\Game-Mod-Q4\idlib\math\Vector.h(1143,10):
      see declaration of 'idVec4::w'
  
C:\Users\mrbar\Git Folders\Game-Mod-Q4\idlib\math\Vector.h(2443,43): warning C4458: declaration of 'radius' hides class member
  (compiling source file 'idlib/Lib.cpp')
      C:\Users\mrbar\Git Folders\Game-Mod-Q4\idlib\math\Vector.h(2418,10):
      see declaration of 'idPolar3::radius'
  
C:\Users\mrbar\Git Folders\Game-Mod-Q4\idlib\math\Vector.h(2443,63): warning C4458: declaration of 'theta' hides class member
  (compiling source file 'idlib/Lib.cpp')
      C:\Users\mrbar\Git Folders\Game-Mod-Q4\idlib\math\Vector.h(2418,18):
      see declaration of 'idPolar3::theta'
  
C:\Users\mrbar\Git Folders\Game-Mod-Q4\idlib\math\Vector.h(2443,82): warning C4458: declaration of 'phi' hides class member
  (compiling source file 'idlib/Lib.cpp')
      C:\Users\mrbar\Git Folders\Game-Mod-Q4\idlib\math\Vector.h(2418,25):
      see declaration of 'idPolar3::phi'
  
C:\Users\mrbar\Git Folders\Game-Mod-Q4\idlib\math\Angles.h(110,37): warning C4458: declaration of 'pitch' hides class member
  (compiling source file 'idlib/Lib.cpp')
      C:\Users\mrbar\Git Folders\Game-Mod-Q4\idlib\math\Angles.h(30,10):
      see declaration of 'idAngles::pitch'
  
C:\Users\mrbar\Git Folders\Game-Mod-Q4\idlib\math\Angles.h(110,50): warning C4458: declaration of 'yaw' hides class member
  (compiling source file 'idlib/Lib.cpp')
      C:\Users\mrbar\Git Folders\Game-Mod-Q4\idlib\math\Angles.h(31,10):
      see declaration of 'idAngles::yaw'
  
C:\Users\mrbar\Git Folders\Game-Mod-Q4\idlib\math\Angles.h(110,61): warning C4458: declaration of 'roll' hides class member
  (compiling source file 'idlib/Lib.cpp')
      C:\Users\mrbar\Git Folders\Game-Mod-Q4\idlib\math\Angles.h(32,10):
      see declaration of 'idAngles::roll'
  
C:\Users\mrbar\Git Folders\Game-Mod-Q4\idlib\math\Quat.h(221,35): warning C4458: declaration of 'x' hides class member
  (compiling source file 'idlib/Lib.cpp')
      C:\Users\mrbar\Git Folders\Game-Mod-Q4\idlib\math\Quat.h(23,10):
      see declaration of 'idQuat::x'
  
C:\Users\mrbar\Git Folders\Game-Mod-Q4\idlib\math\Quat.h(221,44): warning C4458: declaration of 'y' hides class member
  (compiling source file 'idlib/Lib.cpp')
      C:\Users\mrbar\Git Folders\Game-Mod-Q4\idlib\math\Quat.h(24,10):
      see declaration of 'idQuat::y'
  
C:\Users\mrbar\Git Folders\Game-Mod-Q4\idlib\math\Quat.h(221,53): warning C4458: declaration of 'z' hides class member
  (compiling source file 'idlib/Lib.cpp')
      C:\Users\mrbar\Git Folders\Game-Mod-Q4\idlib\math\Quat.h(25,10):
      see declaration of 'idQuat::z'
  
C:\Users\mrbar\Git Folders\Game-Mod-Q4\idlib\math\Quat.h(221,62): warning C4458: declaration of 'w' hides class member
  (compiling source file 'idlib/Lib.cpp')
      C:\Users\mrbar\Git Folders\Game-Mod-Q4\idlib\math\Quat.h(26,10):
      see declaration of 'idQuat::w'
  
C:\Users\mrbar\Git Folders\Game-Mod-Q4\idlib\math\Quat.h(320,36): warning C4458: declaration of 'x' hides class member
  (compiling source file 'idlib/Lib.cpp')
      C:\Users\mrbar\Git Folders\Game-Mod-Q4\idlib\math\Quat.h(282,10):
      see declaration of 'idCQuat::x'
  
C:\Users\mrbar\Git Folders\Game-Mod-Q4\idlib\math\Quat.h(320,45): warning C4458: declaration of 'y' hides class member
  (compiling source file 'idlib/Lib.cpp')
      C:\Users\mrbar\Git Folders\Game-Mod-Q4\idlib\math\Quat.h(283,10):
      see declaration of 'idCQuat::y'
  
C:\Users\mrbar\Git Folders\Game-Mod-Q4\idlib\math\Quat.h(320,54): warning C4458: declaration of 'z' hides class member
  (compiling source file 'idlib/Lib.cpp')
      C:\Users\mrbar\Git Folders\Game-Mod-Q4\idlib\math\Quat.h(284,10):
      see declaration of 'idCQuat::z'
  
C:\Users\mrbar\Git Folders\Game-Mod-Q4\idlib\math\Radians.h(89,37): warning C4458: declaration of 'pitch' hides class member
  (compiling source file 'idlib/Lib.cpp')
      C:\Users\mrbar\Git Folders\Game-Mod-Q4\idlib\math\Radians.h(28,10):
      see declaration of 'rvAngles::pitch'
  
C:\Users\mrbar\Git Folders\Game-Mod-Q4\idlib\math\Radians.h(89,50): warning C4458: declaration of 'yaw' hides class member
  (compiling source file 'idlib/Lib.cpp')
      C:\Users\mrbar\Git Folders\Game-Mod-Q4\idlib\math\Radians.h(29,10):
      see declaration of 'rvAngles::yaw'
  
C:\Users\mrbar\Git Folders\Game-Mod-Q4\idlib\math\Radians.h(89,61): warning C4458: declaration of 'roll' hides class member
  (compiling source file 'idlib/Lib.cpp')
      C:\Users\mrbar\Git Folders\Game-Mod-Q4\idlib\math\Radians.h(30,10):
      see declaration of 'rvAngles::roll'
  
C:\Users\mrbar\Git Folders\Game-Mod-Q4\idlib\bv\Frustum.h(125,52): warning C4458: declaration of 'origin' hides class member
  (compiling source file 'idlib/Lib.cpp')
      C:\Users\mrbar\Git Folders\Game-Mod-Q4\idlib\bv\Frustum.h(91,11):
      see declaration of 'idFrustum::origin'
  
C:\Users\mrbar\Git Folders\Game-Mod-Q4\idlib\bv\Frustum.h(129,50): warning C4458: declaration of 'axis' hides class member
  (compiling source file 'idlib/Lib.cpp')
      C:\Users\mrbar\Git Folders\Game-Mod-Q4\idlib\bv\Frustum.h(92,11):
      see declaration of 'idFrustum::axis'
  
C:\Users\mrbar\Git Folders\Game-Mod-Q4\idlib\bv\Frustum.h(133,42): warning C4458: declaration of 'dNear' hides class member
  (compiling source file 'idlib/Lib.cpp')
      C:\Users\mrbar\Git Folders\Game-Mod-Q4\idlib\bv\Frustum.h(93,10):
      see declaration of 'idFrustum::dNear'
  
C:\Users\mrbar\Git Folders\Game-Mod-Q4\idlib\bv\Frustum.h(133,55): warning C4458: declaration of 'dFar' hides class member
  (compiling source file 'idlib/Lib.cpp')
      C:\Users\mrbar\Git Folders\Game-Mod-Q4\idlib\bv\Frustum.h(94,10):
      see declaration of 'idFrustum::dFar'
  
C:\Users\mrbar\Git Folders\Game-Mod-Q4\idlib\bv\Frustum.h(133,67): warning C4458: declaration of 'dLeft' hides class member
  (compiling source file 'idlib/Lib.cpp')
      C:\Users\mrbar\Git Folders\Game-Mod-Q4\idlib\bv\Frustum.h(95,10):
      see declaration of 'idFrustum::dLeft'
  
C:\Users\mrbar\Git Folders\Game-Mod-Q4\idlib\bv\Frustum.h(133,80): warning C4458: declaration of 'dUp' hides class member
  (compiling source file 'idlib/Lib.cpp')
      C:\Users\mrbar\Git Folders\Game-Mod-Q4\idlib\bv\Frustum.h(96,10):
      see declaration of 'idFrustum::dUp'
  
C:\Users\mrbar\Git Folders\Game-Mod-Q4\idlib\bv\Frustum.h(142,45): warning C4458: declaration of 'dNear' hides class member
  (compiling source file 'idlib/Lib.cpp')
      C:\Users\mrbar\Git Folders\Game-Mod-Q4\idlib\bv\Frustum.h(93,10):
      see declaration of 'idFrustum::dNear'
  
C:\Users\mrbar\Git Folders\Game-Mod-Q4\idlib\bv\Frustum.h(142,58): warning C4458: declaration of 'dFar' hides class member
  (compiling source file 'idlib/Lib.cpp')
      C:\Users\mrbar\Git Folders\Game-Mod-Q4\idlib\bv\Frustum.h(94,10):
      see declaration of 'idFrustum::dFar'
  
C:\Users\mrbar\Git Folders\Game-Mod-Q4\idlib\bv\Frustum.h(151,51): warning C4458: declaration of 'dNear' hides class member
  (compiling source file 'idlib/Lib.cpp')
      C:\Users\mrbar\Git Folders\Game-Mod-Q4\idlib\bv\Frustum.h(93,10):
      see declaration of 'idFrustum::dNear'
  
C:\Users\mrbar\Git Folders\Game-Mod-Q4\idlib\bv\Frustum.h(156,50): warning C4458: declaration of 'dFar' hides class member
  (compiling source file 'idlib/Lib.cpp')
      C:\Users\mrbar\Git Folders\Game-Mod-Q4\idlib\bv\Frustum.h(94,10):
      see declaration of 'idFrustum::dFar'
  
C:\Users\mrbar\Git Folders\Game-Mod-Q4\idlib\geometry\DrawVert.h(145,44): warning C4458: declaration of 'color' hides class member
  (compiling source file 'idlib/Lib.cpp')
      C:\Users\mrbar\Git Folders\Game-Mod-Q4\idlib\geometry\DrawVert.h(16,9):
      see declaration of 'idDrawVert::color'
  
C:\Users\mrbar\Git Folders\Game-Mod-Q4\idlib\Str.h(406,2): warning C4996: 'strcpy': This function or variable may be unsafe. Consider using strcpy_s instead. To disable deprecation, use _CRT_SECURE_NO_WARNINGS. See online help for details.
  (compiling source file 'idlib/Lib.cpp')
  
C:\Users\mrbar\Git Folders\Game-Mod-Q4\idlib\Str.h(446,3): warning C4996: 'strcpy': This function or variable may be unsafe. Consider using strcpy_s instead. To disable deprecation, use _CRT_SECURE_NO_WARNINGS. See online help for details.
  (compiling source file 'idlib/Lib.cpp')
  
C:\Users\mrbar\Git Folders\Game-Mod-Q4\idlib\Str.h(503,2): warning C4996: 'strcpy': This function or variable may be unsafe. Consider using strcpy_s instead. To disable deprecation, use _CRT_SECURE_NO_WARNINGS. See online help for details.
  (compiling source file 'idlib/Lib.cpp')
  
C:\Users\mrbar\Git Folders\Game-Mod-Q4\idlib\Str.h(501,6): warning C4996: 'sprintf': This function or variable may be unsafe. Consider using sprintf_s instead. To disable deprecation, use _CRT_SECURE_NO_WARNINGS. See online help for details.
  (compiling source file 'idlib/Lib.cpp')
  
C:\Users\mrbar\Git Folders\Game-Mod-Q4\idlib\Str.h(514,2): warning C4996: 'strcpy': This function or variable may be unsafe. Consider using strcpy_s instead. To disable deprecation, use _CRT_SECURE_NO_WARNINGS. See online help for details.
  (compiling source file 'idlib/Lib.cpp')
  
C:\Users\mrbar\Git Folders\Game-Mod-Q4\idlib\Str.h(512,6): warning C4996: 'sprintf': This function or variable may be unsafe. Consider using sprintf_s instead. To disable deprecation, use _CRT_SECURE_NO_WARNINGS. See online help for details.
  (compiling source file 'idlib/Lib.cpp')
  
C:\Users\mrbar\Git Folders\Game-Mod-Q4\idlib\Str.h(527,2): warning C4996: 'strcpy': This function or variable may be unsafe. Consider using strcpy_s instead. To disable deprecation, use _CRT_SECURE_NO_WARNINGS. See online help for details.
  (compiling source file 'idlib/Lib.cpp')
  
C:\Users\mrbar\Git Folders\Game-Mod-Q4\idlib\Str.h(605,2): warning C4996: 'sprintf': This function or variable may be unsafe. Consider using sprintf_s instead. To disable deprecation, use _CRT_SECURE_NO_WARNINGS. See online help for details.
  (compiling source file 'idlib/Lib.cpp')
  
C:\Users\mrbar\Git Folders\Game-Mod-Q4\idlib\Str.h(615,2): warning C4996: 'sprintf': This function or variable may be unsafe. Consider using sprintf_s instead. To disable deprecation, use _CRT_SECURE_NO_WARNINGS. See online help for details.
  (compiling source file 'idlib/Lib.cpp')
  
C:\Users\mrbar\Git Folders\Game-Mod-Q4\idlib\Str.h(625,2): warning C4996: 'sprintf': This function or variable may be unsafe. Consider using sprintf_s instead. To disable deprecation, use _CRT_SECURE_NO_WARNINGS. See online help for details.
  (compiling source file 'idlib/Lib.cpp')
  
C:\Users\mrbar\Git Folders\Game-Mod-Q4\idlib\Str.h(634,2): warning C4996: 'sprintf': This function or variable may be unsafe. Consider using sprintf_s instead. To disable deprecation, use _CRT_SECURE_NO_WARNINGS. See online help for details.
  (compiling source file 'idlib/Lib.cpp')
  
C:\Users\mrbar\Git Folders\Game-Mod-Q4\idlib\Str.h(643,2): warning C4996: 'sprintf': This function or variable may be unsafe. Consider using sprintf_s instead. To disable deprecation, use _CRT_SECURE_NO_WARNINGS. See online help for details.
  (compiling source file 'idlib/Lib.cpp')
  
C:\Users\mrbar\Git Folders\Game-Mod-Q4\idlib\Str.h(652,2): warning C4996: 'sprintf': This function or variable may be unsafe. Consider using sprintf_s instead. To disable deprecation, use _CRT_SECURE_NO_WARNINGS. See online help for details.
  (compiling source file 'idlib/Lib.cpp')
  
C:\Users\mrbar\Git Folders\Game-Mod-Q4\idlib\Str.h(946,40): warning C4458: declaration of 'len' hides class member
  (compiling source file 'idlib/Lib.cpp')
      C:\Users\mrbar\Git Folders\Game-Mod-Q4\idlib\Str.h(357,10):
      see declaration of 'idStr::len'
  
C:\Users\mrbar\Git Folders\Game-Mod-Q4\idlib\Str.h(950,41): warning C4458: declaration of 'len' hides class member
  (compiling source file 'idlib/Lib.cpp')
      C:\Users\mrbar\Git Folders\Game-Mod-Q4\idlib\Str.h(357,10):
      see declaration of 'idStr::len'
  
C:\Users\mrbar\Git Folders\Game-Mod-Q4\idlib\Str.h(958,34): warning C4458: declaration of 'len' hides class member
  (compiling source file 'idlib/Lib.cpp')
      C:\Users\mrbar\Git Folders\Game-Mod-Q4\idlib\Str.h(357,10):
      see declaration of 'idStr::len'
  
C:\Users\mrbar\Git Folders\Game-Mod-Q4\idlib\Str.h(962,35): warning C4458: declaration of 'len' hides class member
  (compiling source file 'idlib/Lib.cpp')
      C:\Users\mrbar\Git Folders\Game-Mod-Q4\idlib\Str.h(357,10):
      see declaration of 'idStr::len'
  
C:\Users\mrbar\Git Folders\Game-Mod-Q4\idlib\Lexer.h(457,39): warning C4458: declaration of 'flags' hides class member
  (compiling source file 'idlib/Lib.cpp')
      C:\Users\mrbar\Git Folders\Game-Mod-Q4\idlib\Lexer.h(273,9):
      see declaration of 'idLexer::flags'
  
C:\Users\mrbar\Git Folders\Game-Mod-Q4\idlib\Base64.h(80,2): warning C4996: 'strcpy': This function or variable may be unsafe. Consider using strcpy_s instead. To disable deprecation, use _CRT_SECURE_NO_WARNINGS. See online help for details.
  (compiling source file 'idlib/Lib.cpp')
  
C:\Users\mrbar\Git Folders\Game-Mod-Q4\idlib\containers\StrPool.h(74,50): warning C4458: declaration of 'caseSensitive' hides class member
  (compiling source file 'idlib/Lib.cpp')
      C:\Users\mrbar\Git Folders\Game-Mod-Q4\idlib\containers\StrPool.h(64,10):
      see declaration of 'idStrPool::caseSensitive'
  
C:\Users\mrbar\Git Folders\Game-Mod-Q4\idlib\BitMsg.h(520,60): warning C4458: declaration of 'base' hides class member
  (compiling source file 'idlib/Lib.cpp')
      C:\Users\mrbar\Git Folders\Game-Mod-Q4\idlib\BitMsg.h(501,18):
      see declaration of 'idBitMsgDelta::base'
  
C:\Users\mrbar\Git Folders\Game-Mod-Q4\idlib\BitMsg.h(520,76): warning C4458: declaration of 'newBase' hides class member
  (compiling source file 'idlib/Lib.cpp')
      C:\Users\mrbar\Git Folders\Game-Mod-Q4\idlib\BitMsg.h(502,14):
      see declaration of 'idBitMsgDelta::newBase'
  
C:\Users\mrbar\Git Folders\Game-Mod-Q4\idlib\BitMsg.h(528,60): warning C4458: declaration of 'base' hides class member
  (compiling source file 'idlib/Lib.cpp')
      C:\Users\mrbar\Git Folders\Game-Mod-Q4\idlib\BitMsg.h(501,18):
      see declaration of 'idBitMsgDelta::base'
  
C:\Users\mrbar\Git Folders\Game-Mod-Q4\idlib\BitMsg.h(528,76): warning C4458: declaration of 'newBase' hides class member
  (compiling source file 'idlib/Lib.cpp')
      C:\Users\mrbar\Git Folders\Game-Mod-Q4\idlib\BitMsg.h(502,14):
      see declaration of 'idBitMsgDelta::newBase'
  
C:\Users\mrbar\Git Folders\Game-Mod-Q4\framework\CVarSystem.h(127,34): warning C4458: declaration of 'value' hides class member
  (compiling source file 'idlib/Lib.cpp')
      C:\Users\mrbar\Git Folders\Game-Mod-Q4\framework\CVarSystem.h(141,17):
      see declaration of 'idCVar::value'
  
C:\Users\mrbar\Git Folders\Game-Mod-Q4\framework\CVarSystem.h(128,31): warning C4458: declaration of 'value' hides class member
  (compiling source file 'idlib/Lib.cpp')
      C:\Users\mrbar\Git Folders\Game-Mod-Q4\framework\CVarSystem.h(141,17):
      see declaration of 'idCVar::value'
  
C:\Users\mrbar\Git Folders\Game-Mod-Q4\framework\CVarSystem.h(129,33): warning C4458: declaration of 'value' hides class member
  (compiling source file 'idlib/Lib.cpp')
      C:\Users\mrbar\Git Folders\Game-Mod-Q4\framework\CVarSystem.h(141,17):
      see declaration of 'idCVar::value'
  
C:\Users\mrbar\Git Folders\Game-Mod-Q4\framework\CVarSystem.h(130,33): warning C4458: declaration of 'value' hides class member
  (compiling source file 'idlib/Lib.cpp')
      C:\Users\mrbar\Git Folders\Game-Mod-Q4\framework\CVarSystem.h(141,17):
      see declaration of 'idCVar::value'
  
C:\Users\mrbar\Git Folders\Game-Mod-Q4\framework\CVarSystem.h(339,42): warning C4458: declaration of 'name' hides class member
  (compiling source file 'idlib/Lib.cpp')
      C:\Users\mrbar\Git Folders\Game-Mod-Q4\framework\CVarSystem.h(140,17):
      see declaration of 'idCVar::name'
  
C:\Users\mrbar\Git Folders\Game-Mod-Q4\framework\CVarSystem.h(339,60): warning C4458: declaration of 'value' hides class member
  (compiling source file 'idlib/Lib.cpp')
      C:\Users\mrbar\Git Folders\Game-Mod-Q4\framework\CVarSystem.h(141,17):
      see declaration of 'idCVar::value'
  
C:\Users\mrbar\Git Folders\Game-Mod-Q4\framework\CVarSystem.h(339,71): warning C4458: declaration of 'flags' hides class member
  (compiling source file 'idlib/Lib.cpp')
      C:\Users\mrbar\Git Folders\Game-Mod-Q4\framework\CVarSystem.h(143,11):
      see declaration of 'idCVar::flags'
  
C:\Users\mrbar\Git Folders\Game-Mod-Q4\framework\CVarSystem.h(339,90): warning C4458: declaration of 'description' hides class member
  (compiling source file 'idlib/Lib.cpp')
      C:\Users\mrbar\Git Folders\Game-Mod-Q4\framework\CVarSystem.h(142,17):
      see declaration of 'idCVar::description'
  
C:\Users\mrbar\Git Folders\Game-Mod-Q4\framework\CVarSystem.h(340,14): warning C4458: declaration of 'valueMin' hides class member
  (compiling source file 'idlib/Lib.cpp')
      C:\Users\mrbar\Git Folders\Game-Mod-Q4\framework\CVarSystem.h(144,12):
      see declaration of 'idCVar::valueMin'
  
C:\Users\mrbar\Git Folders\Game-Mod-Q4\framework\CVarSystem.h(340,30): warning C4458: declaration of 'valueMax' hides class member
  (compiling source file 'idlib/Lib.cpp')
      C:\Users\mrbar\Git Folders\Game-Mod-Q4\framework\CVarSystem.h(145,12):
      see declaration of 'idCVar::valueMax'
  
C:\Users\mrbar\Git Folders\Game-Mod-Q4\framework\CVarSystem.h(340,53): warning C4458: declaration of 'valueStrings' hides class member
  (compiling source file 'idlib/Lib.cpp')
      C:\Users\mrbar\Git Folders\Game-Mod-Q4\framework\CVarSystem.h(146,18):
      see declaration of 'idCVar::valueStrings'
  
C:\Users\mrbar\Git Folders\Game-Mod-Q4\framework\CVarSystem.h(340,83): warning C4458: declaration of 'valueCompletion' hides class member
  (compiling source file 'idlib/Lib.cpp')
      C:\Users\mrbar\Git Folders\Game-Mod-Q4\framework\CVarSystem.h(147,20):
      see declaration of 'idCVar::valueCompletion'
  
C:\Users\mrbar\Git Folders\Game-Mod-Q4\framework\Common.h(24,14): warning C4091: 'typedef ': ignored on left of '<unnamed-enum-EDITOR_NONE>' when no variable is declared
  (compiling source file 'idlib/Lib.cpp')
  
C:\Users\mrbar\Git Folders\Game-Mod-Q4\aas\AASFile.h(86,14): warning C4091: 'typedef ': ignored on left of '<unnamed-enum-RE_WALK>' when no variable is declared
  (compiling source file 'idlib/Lib.cpp')
  
C:\Users\mrbar\Git Folders\Game-Mod-Q4\game\Game_local.h(7,14): warning C4595: 'operator new': non-member operator new or delete functions may not be declared inline
  (compiling source file 'idlib/Lib.cpp')
  
C:\Users\mrbar\Git Folders\Game-Mod-Q4\game\Game_local.h(8,13): warning C4595: 'operator delete': non-member operator new or delete functions may not be declared inline
  (compiling source file 'idlib/Lib.cpp')
  
C:\Users\mrbar\Git Folders\Game-Mod-Q4\game\Game_local.h(9,14): warning C4595: 'operator new[]': non-member operator new or delete functions may not be declared inline
  (compiling source file 'idlib/Lib.cpp')
  
C:\Users\mrbar\Git Folders\Game-Mod-Q4\game\Game_local.h(10,13): warning C4595: 'operator delete[]': non-member operator new or delete functions may not be declared inline
  (compiling source file 'idlib/Lib.cpp')
  
C:\Users\mrbar\Git Folders\Game-Mod-Q4\game\gamesys\Class.h(466,38): warning C4458: declaration of 'superclass' hides class member
  (compiling source file 'idlib/Lib.cpp')
      C:\Users\mrbar\Git Folders\Game-Mod-Q4\game\gamesys\Class.h(430,18):
      see declaration of 'idTypeInfo::superclass'
  
C:\Users\mrbar\Git Folders\Game-Mod-Q4\game\Game_local.h(465,75): warning C4458: declaration of 'userInfo' hides class member
  (compiling source file 'idlib/Lib.cpp')
      C:\Users\mrbar\Git Folders\Game-Mod-Q4\game\Game_local.h(326,13):
      see declaration of 'idGameLocal::userInfo'
  
C:\Users\mrbar\Git Folders\Game-Mod-Q4\game\Game_local.h(493,62): warning C4458: declaration of 'numClients' hides class member
  (compiling source file 'idlib/Lib.cpp')
      C:\Users\mrbar\Git Folders\Game-Mod-Q4\game\Game_local.h(325,11):
      see declaration of 'idGameLocal::numClients'
  
C:\Users\mrbar\Git Folders\Game-Mod-Q4\game\physics\Force_Field.h(44,50): warning C4458: declaration of 'type' hides class member
  (compiling source file 'idlib/Lib.cpp')
      C:\Users\mrbar\Git Folders\Game-Mod-Q4\game\physics\Force_Field.h(64,18):
      see declaration of 'idForce_Field::type'
  
C:\Users\mrbar\Git Folders\Game-Mod-Q4\game\physics\Physics_AF.h(353,35): warning C4458: declaration of 'e' hides class member
  (compiling source file 'idlib/Lib.cpp')
      C:\Users\mrbar\Git Folders\Game-Mod-Q4\game\physics\Physics_AF.h(98,21):
      see declaration of 'idAFConstraint::e'
  
C:\Users\mrbar\Git Folders\Game-Mod-Q4\game\physics\Physics_AF.h(517,35): warning C4458: declaration of 'e' hides class member
  (compiling source file 'idlib/Lib.cpp')
      C:\Users\mrbar\Git Folders\Game-Mod-Q4\game\physics\Physics_AF.h(98,21):
      see declaration of 'idAFConstraint::e'
  
C:\Users\mrbar\Git Folders\Game-Mod-Q4\game\physics\Physics_AF.h(549,35): warning C4458: declaration of 'e' hides class member
  (compiling source file 'idlib/Lib.cpp')
      C:\Users\mrbar\Git Folders\Game-Mod-Q4\game\physics\Physics_AF.h(98,21):
      see declaration of 'idAFConstraint::e'
  
C:\Users\mrbar\Git Folders\Game-Mod-Q4\game\script\Script_Interpreter.h(151,3): warning C4996: 'sprintf': This function or variable may be unsafe. Consider using sprintf_s instead. To disable deprecation, use _CRT_SECURE_NO_WARNINGS. See online help for details.
  (compiling source file 'idlib/Lib.cpp')
  
C:\Users\mrbar\Git Folders\Game-Mod-Q4\game\script\Script_Interpreter.h(153,3): warning C4996: 'sprintf': This function or variable may be unsafe. Consider using sprintf_s instead. To disable deprecation, use _CRT_SECURE_NO_WARNINGS. See online help for details.
  (compiling source file 'idlib/Lib.cpp')
  
C:\Users\mrbar\Git Folders\Game-Mod-Q4\idlib\math\Interpolate.h(108,58): warning C4458: declaration of 'startTime' hides class member
  (compiling source file 'idlib/Lib.cpp')
      C:\Users\mrbar\Git Folders\Game-Mod-Q4\idlib\math\Interpolate.h(42,11):
      see declaration of 'idInterpolate<idQuat>::startTime'
      C:\Users\mrbar\Git Folders\Game-Mod-Q4\idlib\math\Interpolate.h(108,58):
      the template instantiation context (the oldest one first) is
          C:\Users\mrbar\Git Folders\Game-Mod-Q4\idlib\math\Interpolate.h(128,39):
          see reference to class template instantiation 'idInterpolate<idQuat>' being compiled
          C:\Users\mrbar\Git Folders\Game-Mod-Q4\idlib\math\Interpolate.h(108,91):
          while compiling class template member function 'type idInterpolate<type>::GetDeltaValue(float,float) const'
          with
          [
              type=idQuat
          ]
  
C:\Users\mrbar\Git Folders\Game-Mod-Q4\idlib\math\Curve.h(1913,74): warning C4458: declaration of 'order' hides class member
  (compiling source file 'idlib/Lib.cpp')
      C:\Users\mrbar\Git Folders\Game-Mod-Q4\idlib\math\Curve.h(1807,10):
      see declaration of 'idCurve_BSpline<type>::order'
          with
          [
              type=idVec3
          ]
      C:\Users\mrbar\Git Folders\Game-Mod-Q4\idlib\math\Curve.h(1913,74):
      the template instantiation context (the oldest one first) is
          C:\Users\mrbar\Git Folders\Game-Mod-Q4\framework\declPlayback.h(168,39):
          see reference to class template instantiation 'idCurve_UniformCubicBSpline<idVec3>' being compiled
          C:\Users\mrbar\Git Folders\Game-Mod-Q4\idlib\math\Curve.h(1971,44):
          see reference to class template instantiation 'idCurve_BSpline<type>' being compiled
          with
          [
              type=idVec3
          ]
          C:\Users\mrbar\Git Folders\Game-Mod-Q4\idlib\math\Curve.h(1832,81):
          while compiling class template member function 'type idCurve_BSpline<type>::GetCurrentValue(const float) const'
          with
          [
              type=idVec3
          ]
          C:\Users\mrbar\Git Folders\Game-Mod-Q4\idlib\math\Curve.h(1913,103):
          while compiling class template member function 'float idCurve_BSpline<type>::Basis(const int,const int,const float) const'
          with
          [
              type=idVec3
          ]
  
C:\Users\mrbar\Git Folders\Game-Mod-Q4\idlib\math\Curve.h(1943,89): warning C4458: declaration of 'order' hides class member
  (compiling source file 'idlib/Lib.cpp')
      C:\Users\mrbar\Git Folders\Game-Mod-Q4\idlib\math\Curve.h(1807,10):
      see declaration of 'idCurve_BSpline<type>::order'
          with
          [
              type=idVec3
          ]
      C:\Users\mrbar\Git Folders\Game-Mod-Q4\idlib\math\Curve.h(1943,89):
      the template instantiation context (the oldest one first) is
          C:\Users\mrbar\Git Folders\Game-Mod-Q4\idlib\math\Curve.h(1943,118):
          while compiling class template member function 'float idCurve_BSpline<type>::BasisFirstDerivative(const int,const int,const float) const'
          with
          [
              type=idVec3
          ]
              C:\Users\mrbar\Git Folders\Game-Mod-Q4\idlib\math\Curve.h(1873,5):
              see the first reference to 'idCurve_BSpline<type>::BasisFirstDerivative' in 'idCurve_BSpline<type>::GetCurrentFirstDerivative'
          with
          [
              type=idVec3
          ]
  
C:\Users\mrbar\Git Folders\Game-Mod-Q4\idlib\math\Curve.h(1956,90): warning C4458: declaration of 'order' hides class member
  (compiling source file 'idlib/Lib.cpp')
      C:\Users\mrbar\Git Folders\Game-Mod-Q4\idlib\math\Curve.h(1807,10):
      see declaration of 'idCurve_BSpline<type>::order'
          with
          [
              type=idVec3
          ]
      C:\Users\mrbar\Git Folders\Game-Mod-Q4\idlib\math\Curve.h(1956,90):
      the template instantiation context (the oldest one first) is
          C:\Users\mrbar\Git Folders\Game-Mod-Q4\idlib\math\Curve.h(1956,119):
          while compiling class template member function 'float idCurve_BSpline<type>::BasisSecondDerivative(const int,const int,const float) const'
          with
          [
              type=idVec3
          ]
              C:\Users\mrbar\Git Folders\Game-Mod-Q4\idlib\math\Curve.h(1900,5):
              see the first reference to 'idCurve_BSpline<type>::BasisSecondDerivative' in 'idCurve_BSpline<type>::GetCurrentSecondDerivative'
          with
          [
              type=idVec3
          ]
  
  Base64.cpp
  BitMsg.cpp
  Bounds.cpp
  Box.cpp
  Frustum.cpp
C:\Users\mrbar\Git Folders\Game-Mod-Q4\idlib\bv\Frustum.cpp(1177,101): warning C4458: declaration of 'dFar' hides class member
  (compiling source file '/idlib/bv/Frustum.cpp')
      C:\Users\mrbar\Git Folders\Game-Mod-Q4\idlib\bv\Frustum.h(94,10):
      see declaration of 'idFrustum::dFar'
  
C:\Users\mrbar\Git Folders\Game-Mod-Q4\idlib\bv\Frustum.cpp(1188,95): warning C4458: declaration of 'dFar' hides class member
  (compiling source file '/idlib/bv/Frustum.cpp')
      C:\Users\mrbar\Git Folders\Game-Mod-Q4\idlib\bv\Frustum.h(94,10):
      see declaration of 'idFrustum::dFar'
  
C:\Users\mrbar\Git Folders\Game-Mod-Q4\idlib\bv\Frustum.cpp(1349,101): warning C4458: declaration of 'dFar' hides class member
  (compiling source file '/idlib/bv/Frustum.cpp')
      C:\Users\mrbar\Git Folders\Game-Mod-Q4\idlib\bv\Frustum.h(94,10):
      see declaration of 'idFrustum::dFar'
  
  Sphere.cpp
  CmdArgs.cpp
C:\Users\mrbar\Git Folders\Game-Mod-Q4\idlib\CmdArgs.cpp(36,3): warning C4996: 'strcat': This function or variable may be unsafe. Consider using strcat_s instead. To disable deprecation, use _CRT_SECURE_NO_WARNINGS. See online help for details.
  (compiling source file '/idlib/CmdArgs.cpp')
  
C:\Users\mrbar\Git Folders\Game-Mod-Q4\idlib\CmdArgs.cpp(41,5): warning C4996: 'strcat': This function or variable may be unsafe. Consider using strcat_s instead. To disable deprecation, use _CRT_SECURE_NO_WARNINGS. See online help for details.
  (compiling source file '/idlib/CmdArgs.cpp')
  
C:\Users\mrbar\Git Folders\Game-Mod-Q4\idlib\CmdArgs.cpp(43,5): warning C4996: 'strcat': This function or variable may be unsafe. Consider using strcat_s instead. To disable deprecation, use _CRT_SECURE_NO_WARNINGS. See online help for details.
  (compiling source file '/idlib/CmdArgs.cpp')
  
C:\Users\mrbar\Git Folders\Game-Mod-Q4\idlib\CmdArgs.cpp(50,6): warning C4996: 'strcat': This function or variable may be unsafe. Consider using strcat_s instead. To disable deprecation, use _CRT_SECURE_NO_WARNINGS. See online help for details.
  (compiling source file '/idlib/CmdArgs.cpp')
  
C:\Users\mrbar\Git Folders\Game-Mod-Q4\idlib\CmdArgs.cpp(59,4): warning C4996: 'strcat': This function or variable may be unsafe. Consider using strcat_s instead. To disable deprecation, use _CRT_SECURE_NO_WARNINGS. See online help for details.
  (compiling source file '/idlib/CmdArgs.cpp')
  
C:\Users\mrbar\Git Folders\Game-Mod-Q4\idlib\CmdArgs.cpp(63,3): warning C4996: 'strcat': This function or variable may be unsafe. Consider using strcat_s instead. To disable deprecation, use _CRT_SECURE_NO_WARNINGS. See online help for details.
  (compiling source file '/idlib/CmdArgs.cpp')
  
  HashIndex.cpp
  Dict.cpp
C:\Users\mrbar\Git Folders\Game-Mod-Q4\idlib\Dict.cpp(338,2): warning C4996: 'sscanf': This function or variable may be unsafe. Consider using sscanf_s instead. To disable deprecation, use _CRT_SECURE_NO_WARNINGS. See online help for details.
  (compiling source file '/idlib/Dict.cpp')
  
C:\Users\mrbar\Git Folders\Game-Mod-Q4\idlib\Dict.cpp(357,2): warning C4996: 'sscanf': This function or variable may be unsafe. Consider using sscanf_s instead. To disable deprecation, use _CRT_SECURE_NO_WARNINGS. See online help for details.
  (compiling source file '/idlib/Dict.cpp')
  
C:\Users\mrbar\Git Folders\Game-Mod-Q4\idlib\Dict.cpp(376,2): warning C4996: 'sscanf': This function or variable may be unsafe. Consider using sscanf_s instead. To disable deprecation, use _CRT_SECURE_NO_WARNINGS. See online help for details.
  (compiling source file '/idlib/Dict.cpp')
  
C:\Users\mrbar\Git Folders\Game-Mod-Q4\idlib\Dict.cpp(395,2): warning C4996: 'sscanf': This function or variable may be unsafe. Consider using sscanf_s instead. To disable deprecation, use _CRT_SECURE_NO_WARNINGS. See online help for details.
  (compiling source file '/idlib/Dict.cpp')
  
C:\Users\mrbar\Git Folders\Game-Mod-Q4\idlib\Dict.cpp(414,2): warning C4996: 'sscanf': This function or variable may be unsafe. Consider using sscanf_s instead. To disable deprecation, use _CRT_SECURE_NO_WARNINGS. See online help for details.
  (compiling source file '/idlib/Dict.cpp')
  
  JointTransform.cpp
  Surface.cpp
  Surface_Patch.cpp
C:\Users\mrbar\Git Folders\Game-Mod-Q4\idlib\geometry\Surface_Patch.cpp(450,101): warning C4458: declaration of 'width' hides class member
  (compiling source file '/idlib/geometry/Surface_Patch.cpp')
      C:\Users\mrbar\Git Folders\Game-Mod-Q4\idlib\geometry\Surface_Patch.h(31,10):
      see declaration of 'idSurface_Patch::width'
  
  Surface_Polytope.cpp
  Surface_SweptSpline.cpp
C:\Users\mrbar\Git Folders\Game-Mod-Q4\idlib\geometry\Surface_SweptSpline.cpp(11,64): warning C4458: declaration of 'spline' hides class member
  (compiling source file '/idlib/geometry/Surface_SweptSpline.cpp')
      C:\Users\mrbar\Git Folders\Game-Mod-Q4\idlib\geometry\Surface_SweptSpline.h(27,26):
      see declaration of 'idSurface_SweptSpline::spline'
  
C:\Users\mrbar\Git Folders\Game-Mod-Q4\idlib\geometry\Surface_SweptSpline.cpp(23,69): warning C4458: declaration of 'sweptSpline' hides class member
  (compiling source file '/idlib/geometry/Surface_SweptSpline.cpp')
      C:\Users\mrbar\Git Folders\Game-Mod-Q4\idlib\geometry\Surface_SweptSpline.h(28,26):
      see declaration of 'idSurface_SweptSpline::sweptSpline'
  
C:\Users\mrbar\Git Folders\Game-Mod-Q4\idlib\math\Curve.h(2261,83): warning C4458: declaration of 'order' hides class member
  (compiling source file '/idlib/geometry/Surface_SweptSpline.cpp')
      C:\Users\mrbar\Git Folders\Game-Mod-Q4\idlib\math\Curve.h(1807,10):
      see declaration of 'idCurve_BSpline<type>::order'
          with
          [
              type=idVec4
          ]
      C:\Users\mrbar\Git Folders\Game-Mod-Q4\idlib\math\Curve.h(2261,83):
      the template instantiation context (the oldest one first) is
          C:\Users\mrbar\Git Folders\Game-Mod-Q4\idlib\geometry\Surface_SweptSpline.cpp(38,37):
          see reference to class template instantiation 'idCurve_NURBS<idVec4>' being compiled
          C:\Users\mrbar\Git Folders\Game-Mod-Q4\idlib\math\Curve.h(2386,54):
          while compiling class template member function 'idCurve_NURBS<idVec4>::idCurve_NURBS(void)'
              C:\Users\mrbar\Git Folders\Game-Mod-Q4\idlib\geometry\Surface_SweptSpline.cpp(38,31):
              see the first reference to 'idCurve_NURBS<idVec4>::idCurve_NURBS' in 'idSurface_SweptSpline::SetSweptCircle'
          C:\Users\mrbar\Git Folders\Game-Mod-Q4\idlib\math\Curve.h(2261,126):
          while compiling class template member function 'void idCurve_NonUniformBSpline<type>::Basis(const int,const int,const float,float *) const'
          with
          [
              type=idVec4
          ]
              C:\Users\mrbar\Git Folders\Game-Mod-Q4\idlib\math\Curve.h(2448,7):
              see the first reference to 'idCurve_NonUniformBSpline<type>::Basis' in 'idCurve_NURBS<idVec4>::GetCurrentValue'
          with
          [
              type=idVec4
          ]
  
C:\Users\mrbar\Git Folders\Game-Mod-Q4\idlib\math\Curve.h(2286,98): warning C4458: declaration of 'order' hides class member
  (compiling source file '/idlib/geometry/Surface_SweptSpline.cpp')
      C:\Users\mrbar\Git Folders\Game-Mod-Q4\idlib\math\Curve.h(1807,10):
      see declaration of 'idCurve_BSpline<type>::order'
          with
          [
              type=idVec4
          ]
      C:\Users\mrbar\Git Folders\Game-Mod-Q4\idlib\math\Curve.h(2286,98):
      the template instantiation context (the oldest one first) is
          C:\Users\mrbar\Git Folders\Game-Mod-Q4\idlib\math\Curve.h(2286,141):
          while compiling class template member function 'void idCurve_NonUniformBSpline<type>::BasisFirstDerivative(const int,const int,const float,float *) const'
          with
          [
              type=idVec4
          ]
              C:\Users\mrbar\Git Folders\Game-Mod-Q4\idlib\math\Curve.h(2483,22):
              see the first reference to 'idCurve_NonUniformBSpline<type>::BasisFirstDerivative' in 'idCurve_NURBS<idVec4>::GetCurrentFirstDerivative'
          with
          [
              type=idVec4
          ]
  
C:\Users\mrbar\Git Folders\Game-Mod-Q4\idlib\math\Curve.h(2306,99): warning C4458: declaration of 'order' hides class member
  (compiling source file '/idlib/geometry/Surface_SweptSpline.cpp')
      C:\Users\mrbar\Git Folders\Game-Mod-Q4\idlib\math\Curve.h(1807,10):
      see declaration of 'idCurve_BSpline<type>::order'
          with
          [
              type=idVec4
          ]
      C:\Users\mrbar\Git Folders\Game-Mod-Q4\idlib\math\Curve.h(2306,99):
      the template instantiation context (the oldest one first) is
          C:\Users\mrbar\Git Folders\Game-Mod-Q4\idlib\math\Curve.h(2306,142):
          while compiling class template member function 'void idCurve_NonUniformBSpline<type>::BasisSecondDerivative(const int,const int,const float,float *) const'
          with
          [
              type=idVec4
          ]
              C:\Users\mrbar\Git Folders\Game-Mod-Q4\idlib\math\Curve.h(2525,23):
              see the first reference to 'idCurve_NonUniformBSpline<type>::BasisSecondDerivative' in 'idCurve_NURBS<idVec4>::GetCurrentSecondDerivative'
          with
          [
              type=idVec4
          ]
  
C:\Users\mrbar\Git Folders\Game-Mod-Q4\idlib\math\Curve.h(1913,74): warning C4458: declaration of 'order' hides class member
  (compiling source file '/idlib/geometry/Surface_SweptSpline.cpp')
      C:\Users\mrbar\Git Folders\Game-Mod-Q4\idlib\math\Curve.h(1807,10):
      see declaration of 'idCurve_BSpline<type>::order'
          with
          [
              type=idVec4
          ]
      C:\Users\mrbar\Git Folders\Game-Mod-Q4\idlib\math\Curve.h(1913,74):
      the template instantiation context (the oldest one first) is
          C:\Users\mrbar\Git Folders\Game-Mod-Q4\idlib\math\Curve.h(2361,30):
          see reference to class template instantiation 'idCurve_NonUniformBSpline<type>' being compiled
          with
          [
              type=idVec4
          ]
          C:\Users\mrbar\Git Folders\Game-Mod-Q4\idlib\math\Curve.h(2139,42):
          see reference to class template instantiation 'idCurve_BSpline<type>' being compiled
          with
          [
              type=idVec4
          ]
          C:\Users\mrbar\Git Folders\Game-Mod-Q4\idlib\math\Curve.h(1832,81):
          while compiling class template member function 'type idCurve_BSpline<type>::GetCurrentValue(const float) const'
          with
          [
              type=idVec4
          ]
          C:\Users\mrbar\Git Folders\Game-Mod-Q4\idlib\math\Curve.h(1913,103):
          while compiling class template member function 'float idCurve_BSpline<type>::Basis(const int,const int,const float) const'
          with
          [
              type=idVec4
          ]
  
C:\Users\mrbar\Git Folders\Game-Mod-Q4\idlib\math\Curve.h(1943,89): warning C4458: declaration of 'order' hides class member
  (compiling source file '/idlib/geometry/Surface_SweptSpline.cpp')
      C:\Users\mrbar\Git Folders\Game-Mod-Q4\idlib\math\Curve.h(1807,10):
      see declaration of 'idCurve_BSpline<type>::order'
          with
          [
              type=idVec4
          ]
      C:\Users\mrbar\Git Folders\Game-Mod-Q4\idlib\math\Curve.h(1943,89):
      the template instantiation context (the oldest one first) is
          C:\Users\mrbar\Git Folders\Game-Mod-Q4\idlib\math\Curve.h(1943,118):
          while compiling class template member function 'float idCurve_BSpline<type>::BasisFirstDerivative(const int,const int,const float) const'
          with
          [
              type=idVec4
          ]
              C:\Users\mrbar\Git Folders\Game-Mod-Q4\idlib\math\Curve.h(1873,5):
              see the first reference to 'idCurve_BSpline<type>::BasisFirstDerivative' in 'idCurve_BSpline<type>::GetCurrentFirstDerivative'
          with
          [
              type=idVec4
          ]
  
C:\Users\mrbar\Git Folders\Game-Mod-Q4\idlib\math\Curve.h(1956,90): warning C4458: declaration of 'order' hides class member
  (compiling source file '/idlib/geometry/Surface_SweptSpline.cpp')
      C:\Users\mrbar\Git Folders\Game-Mod-Q4\idlib\math\Curve.h(1807,10):
      see declaration of 'idCurve_BSpline<type>::order'
          with
          [
              type=idVec4
          ]
      C:\Users\mrbar\Git Folders\Game-Mod-Q4\idlib\math\Curve.h(1956,90):
      the template instantiation context (the oldest one first) is
          C:\Users\mrbar\Git Folders\Game-Mod-Q4\idlib\math\Curve.h(1956,119):
          while compiling class template member function 'float idCurve_BSpline<type>::BasisSecondDerivative(const int,const int,const float) const'
          with
          [
              type=idVec4
          ]
              C:\Users\mrbar\Git Folders\Game-Mod-Q4\idlib\math\Curve.h(1900,5):
              see the first reference to 'idCurve_BSpline<type>::BasisSecondDerivative' in 'idCurve_BSpline<type>::GetCurrentSecondDerivative'
          with
          [
              type=idVec4
          ]
  
  TraceModel.cpp
C:\Users\mrbar\Git Folders\Game-Mod-Q4\idlib\geometry\TraceModel.cpp(899,10): warning C4458: declaration of 'verts' hides class member
  (compiling source file '/idlib/geometry/TraceModel.cpp')
      C:\Users\mrbar\Git Folders\Game-Mod-Q4\idlib\geometry\TraceModel.h(61,19):
      see declaration of 'idTraceModel::verts'
  
  Winding.cpp
  Winding2D.cpp
  CRC16.cpp
  CRC32.cpp
  CRC8.cpp
  Generating Code...
  Compiling...
  Honeyman.cpp
  MD4.cpp
  MD5.cpp
  Heap.cpp
C:\Users\mrbar\Git Folders\Game-Mod-Q4\idlib\Heap.cpp(1639,2): warning C4996: 'strcpy': This function or variable may be unsafe. Consider using strcpy_s instead. To disable deprecation, use _CRT_SECURE_NO_WARNINGS. See online help for details.
  (compiling source file '/idlib/Heap.cpp')
  
  LangDict.cpp
  Lexer.cpp
C:\Users\mrbar\Git Folders\Game-Mod-Q4\idlib\Lexer.cpp(512,60): warning C4458: declaration of 'punctuations' hides class member
  (compiling source file '/idlib/Lexer.cpp')
      C:\Users\mrbar\Git Folders\Game-Mod-Q4\idlib\Lexer.h(274,23):
      see declaration of 'idLexer::punctuations'
  
C:\Users\mrbar\Git Folders\Game-Mod-Q4\idlib\Lexer.cpp(625,2): warning C4996: 'vsprintf': This function or variable may be unsafe. Consider using vsprintf_s instead. To disable deprecation, use _CRT_SECURE_NO_WARNINGS. See online help for details.
  (compiling source file '/idlib/Lexer.cpp')
  
C:\Users\mrbar\Git Folders\Game-Mod-Q4\idlib\Lexer.cpp(649,2): warning C4996: 'vsprintf': This function or variable may be unsafe. Consider using vsprintf_s instead. To disable deprecation, use _CRT_SECURE_NO_WARNINGS. See online help for details.
  (compiling source file '/idlib/Lexer.cpp')
  
C:\Users\mrbar\Git Folders\Game-Mod-Q4\idlib\Lexer.cpp(837,35): warning C4458: declaration of 'token' hides class member
  (compiling source file '/idlib/Lexer.cpp')
      C:\Users\mrbar\Git Folders\Game-Mod-Q4\idlib\Lexer.h(277,12):
      see declaration of 'idLexer::token'
  
C:\Users\mrbar\Git Folders\Game-Mod-Q4\idlib\Lexer.cpp(935,33): warning C4458: declaration of 'token' hides class member
  (compiling source file '/idlib/Lexer.cpp')
      C:\Users\mrbar\Git Folders\Game-Mod-Q4\idlib\Lexer.h(277,12):
      see declaration of 'idLexer::token'
  
C:\Users\mrbar\Git Folders\Game-Mod-Q4\idlib\Lexer.cpp(976,35): warning C4458: declaration of 'token' hides class member
  (compiling source file '/idlib/Lexer.cpp')
      C:\Users\mrbar\Git Folders\Game-Mod-Q4\idlib\Lexer.h(277,12):
      see declaration of 'idLexer::token'
  
C:\Users\mrbar\Git Folders\Game-Mod-Q4\idlib\Lexer.cpp(1175,40): warning C4458: declaration of 'token' hides class member
  (compiling source file '/idlib/Lexer.cpp')
      C:\Users\mrbar\Git Folders\Game-Mod-Q4\idlib\Lexer.h(277,12):
      see declaration of 'idLexer::token'
  
C:\Users\mrbar\Git Folders\Game-Mod-Q4\idlib\Lexer.cpp(1220,34): warning C4458: declaration of 'token' hides class member
  (compiling source file '/idlib/Lexer.cpp')
      C:\Users\mrbar\Git Folders\Game-Mod-Q4\idlib\Lexer.h(277,12):
      see declaration of 'idLexer::token'
  
C:\Users\mrbar\Git Folders\Game-Mod-Q4\idlib\Lexer.cpp(1334,10): warning C4458: declaration of 'token' hides class member
  (compiling source file '/idlib/Lexer.cpp')
      C:\Users\mrbar\Git Folders\Game-Mod-Q4\idlib\Lexer.h(277,12):
      see declaration of 'idLexer::token'
  
C:\Users\mrbar\Git Folders\Game-Mod-Q4\idlib\Lexer.cpp(1352,63): warning C4458: declaration of 'token' hides class member
  (compiling source file '/idlib/Lexer.cpp')
      C:\Users\mrbar\Git Folders\Game-Mod-Q4\idlib\Lexer.h(277,12):
      see declaration of 'idLexer::token'
  
C:\Users\mrbar\Git Folders\Game-Mod-Q4\idlib\Lexer.cpp(1406,39): warning C4458: declaration of 'token' hides class member
  (compiling source file '/idlib/Lexer.cpp')
      C:\Users\mrbar\Git Folders\Game-Mod-Q4\idlib\Lexer.h(277,12):
      see declaration of 'idLexer::token'
  
C:\Users\mrbar\Git Folders\Game-Mod-Q4\idlib\Lexer.cpp(1442,62): warning C4458: declaration of 'token' hides class member
  (compiling source file '/idlib/Lexer.cpp')
      C:\Users\mrbar\Git Folders\Game-Mod-Q4\idlib\Lexer.h(277,12):
      see declaration of 'idLexer::token'
  
C:\Users\mrbar\Git Folders\Game-Mod-Q4\idlib\Lexer.cpp(1465,10): warning C4458: declaration of 'token' hides class member
  (compiling source file '/idlib/Lexer.cpp')
      C:\Users\mrbar\Git Folders\Game-Mod-Q4\idlib\Lexer.h(277,12):
      see declaration of 'idLexer::token'
  
C:\Users\mrbar\Git Folders\Game-Mod-Q4\idlib\Lexer.cpp(1481,10): warning C4458: declaration of 'token' hides class member
  (compiling source file '/idlib/Lexer.cpp')
      C:\Users\mrbar\Git Folders\Game-Mod-Q4\idlib\Lexer.h(277,12):
      see declaration of 'idLexer::token'
  
C:\Users\mrbar\Git Folders\Game-Mod-Q4\idlib\Lexer.cpp(1502,10): warning C4458: declaration of 'token' hides class member
  (compiling source file '/idlib/Lexer.cpp')
      C:\Users\mrbar\Git Folders\Game-Mod-Q4\idlib\Lexer.h(277,12):
      see declaration of 'idLexer::token'
  
C:\Users\mrbar\Git Folders\Game-Mod-Q4\idlib\Lexer.cpp(1526,43): warning C4458: declaration of 'token' hides class member
  (compiling source file '/idlib/Lexer.cpp')
      C:\Users\mrbar\Git Folders\Game-Mod-Q4\idlib\Lexer.h(277,12):
      see declaration of 'idLexer::token'
  
C:\Users\mrbar\Git Folders\Game-Mod-Q4\idlib\Lexer.cpp(1539,40): warning C4458: declaration of 'token' hides class member
  (compiling source file '/idlib/Lexer.cpp')
      C:\Users\mrbar\Git Folders\Game-Mod-Q4\idlib\Lexer.h(277,12):
      see declaration of 'idLexer::token'
  
C:\Users\mrbar\Git Folders\Game-Mod-Q4\idlib\Lexer.cpp(1595,10): warning C4458: declaration of 'token' hides class member
  (compiling source file '/idlib/Lexer.cpp')
      C:\Users\mrbar\Git Folders\Game-Mod-Q4\idlib\Lexer.h(277,12):
      see declaration of 'idLexer::token'
  
C:\Users\mrbar\Git Folders\Game-Mod-Q4\idlib\Lexer.cpp(1617,10): warning C4458: declaration of 'token' hides class member
  (compiling source file '/idlib/Lexer.cpp')
      C:\Users\mrbar\Git Folders\Game-Mod-Q4\idlib\Lexer.h(277,12):
      see declaration of 'idLexer::token'
  
C:\Users\mrbar\Git Folders\Game-Mod-Q4\idlib\Lexer.cpp(1632,10): warning C4458: declaration of 'token' hides class member
  (compiling source file '/idlib/Lexer.cpp')
      C:\Users\mrbar\Git Folders\Game-Mod-Q4\idlib\Lexer.h(277,12):
      see declaration of 'idLexer::token'
  
C:\Users\mrbar\Git Folders\Game-Mod-Q4\idlib\Lexer.cpp(1884,10): warning C4458: declaration of 'token' hides class member
  (compiling source file '/idlib/Lexer.cpp')
      C:\Users\mrbar\Git Folders\Game-Mod-Q4\idlib\Lexer.h(277,12):
      see declaration of 'idLexer::token'
  
C:\Users\mrbar\Git Folders\Game-Mod-Q4\idlib\Lexer.cpp(1933,10): warning C4458: declaration of 'token' hides class member
  (compiling source file '/idlib/Lexer.cpp')
      C:\Users\mrbar\Git Folders\Game-Mod-Q4\idlib\Lexer.h(277,12):
      see declaration of 'idLexer::token'
  
C:\Users\mrbar\Git Folders\Game-Mod-Q4\idlib\Lexer.cpp(2027,36): warning C4458: declaration of 'filename' hides class member
  (compiling source file '/idlib/Lexer.cpp')
      C:\Users\mrbar\Git Folders\Game-Mod-Q4\idlib\Lexer.h(260,10):
      see declaration of 'idLexer::filename'
  
C:\Users\mrbar\Git Folders\Game-Mod-Q4\idlib\Lexer.cpp(2030,6): warning C4458: declaration of 'length' hides class member
  (compiling source file '/idlib/Lexer.cpp')
      C:\Users\mrbar\Git Folders\Game-Mod-Q4\idlib\Lexer.h(269,9):
      see declaration of 'idLexer::length'
  
C:\Users\mrbar\Git Folders\Game-Mod-Q4\idlib\Lexer.cpp(2101,47): warning C4458: declaration of 'length' hides class member
  (compiling source file '/idlib/Lexer.cpp')
      C:\Users\mrbar\Git Folders\Game-Mod-Q4\idlib\Lexer.h(269,9):
      see declaration of 'idLexer::length'
  
C:\Users\mrbar\Git Folders\Game-Mod-Q4\idlib\Lexer.cpp(2750,2): warning C4996: 'vsprintf': This function or variable may be unsafe. Consider using vsprintf_s instead. To disable deprecation, use _CRT_SECURE_NO_WARNINGS. See online help for details.
  (compiling source file '/idlib/Lexer.cpp')
  
C:\Users\mrbar\Git Folders\Game-Mod-Q4\idlib\Lexer.cpp(2761,2): warning C4996: 'vsprintf': This function or variable may be unsafe. Consider using vsprintf_s instead. To disable deprecation, use _CRT_SECURE_NO_WARNINGS. See online help for details.
  (compiling source file '/idlib/Lexer.cpp')
  
  LexerFactory.cpp
  mapfile.cpp
C:\Users\mrbar\Git Folders\Game-Mod-Q4\idlib\mapfile.cpp(726,5): warning C4996: 'sscanf': This function or variable may be unsafe. Consider using sscanf_s instead. To disable deprecation, use _CRT_SECURE_NO_WARNINGS. See online help for details.
  (compiling source file '/idlib/mapfile.cpp')
  
C:\Users\mrbar\Git Folders\Game-Mod-Q4\idlib\mapfile.cpp(1084,49): warning C4458: declaration of 'name' hides class member
  (compiling source file '/idlib/mapfile.cpp')
      C:\Users\mrbar\Git Folders\Game-Mod-Q4\idlib\MapFile.h(238,12):
      see declaration of 'idMapFile::name'
  
C:\Users\mrbar\Git Folders\Game-Mod-Q4\idlib\mapfile.cpp(1197,6): warning C4996: 'sprintf': This function or variable may be unsafe. Consider using sprintf_s instead. To disable deprecation, use _CRT_SECURE_NO_WARNINGS. See online help for details.
  (compiling source file '/idlib/mapfile.cpp')
  
C:\Users\mrbar\Git Folders\Game-Mod-Q4\idlib\mapfile.cpp(1265,16): warning C4456: declaration of 'mapEnt' hides previous local declaration
  (compiling source file '/idlib/mapfile.cpp')
      C:\Users\mrbar\Git Folders\Game-Mod-Q4\idlib\mapfile.cpp(1224,15):
      see declaration of 'mapEnt'
  
C:\Users\mrbar\Git Folders\Game-Mod-Q4\idlib\mapfile.cpp(1266,15): warning C4458: declaration of 'name' hides class member
  (compiling source file '/idlib/mapfile.cpp')
      C:\Users\mrbar\Git Folders\Game-Mod-Q4\idlib\MapFile.h(238,12):
      see declaration of 'idMapFile::name'
  
C:\Users\mrbar\Git Folders\Game-Mod-Q4\idlib\mapfile.cpp(1307,6): warning C4996: 'sprintf': This function or variable may be unsafe. Consider using sprintf_s instead. To disable deprecation, use _CRT_SECURE_NO_WARNINGS. See online help for details.
  (compiling source file '/idlib/mapfile.cpp')
  
  Angles.cpp
  Complex.cpp
  FFT.cpp
  Lcp.cpp
C:\Users\mrbar\Git Folders\Game-Mod-Q4\idlib\math\Lcp.cpp(95,58): warning C4458: declaration of 'b' hides class member
  (compiling source file '/idlib/math/Lcp.cpp')
      C:\Users\mrbar\Git Folders\Game-Mod-Q4\idlib\math\Lcp.cpp(26,11):
      see declaration of 'idLCP_Square::b'
  
C:\Users\mrbar\Git Folders\Game-Mod-Q4\idlib\math\Lcp.cpp(833,61): warning C4458: declaration of 'b' hides class member
  (compiling source file '/idlib/math/Lcp.cpp')
      C:\Users\mrbar\Git Folders\Game-Mod-Q4\idlib\math\Lcp.cpp(783,11):
      see declaration of 'idLCP_Symmetric::b'
  
  Math.cpp
  Matrix.cpp
C:\Users\mrbar\Git Folders\Game-Mod-Q4\idlib\math\Matrix.cpp(1072,9): warning C4458: declaration of 'mat' hides class member
  (compiling source file '/idlib/math/Matrix.cpp')
      C:\Users\mrbar\Git Folders\Game-Mod-Q4\idlib\math\Matrix.h(862,11):
      see declaration of 'idMat4::mat'
  
C:\Users\mrbar\Git Folders\Game-Mod-Q4\idlib\math\Matrix.cpp(1743,9): warning C4458: declaration of 'mat' hides class member
  (compiling source file '/idlib/math/Matrix.cpp')
      C:\Users\mrbar\Git Folders\Game-Mod-Q4\idlib\math\Matrix.h(1243,11):
      see declaration of 'idMat5::mat'
  
C:\Users\mrbar\Git Folders\Game-Mod-Q4\idlib\math\Matrix.cpp(2890,9): warning C4458: declaration of 'mat' hides class member
  (compiling source file '/idlib/math/Matrix.cpp')
      C:\Users\mrbar\Git Folders\Game-Mod-Q4\idlib\math\Matrix.h(1548,11):
      see declaration of 'idMat6::mat'
  
C:\Users\mrbar\Git Folders\Game-Mod-Q4\idlib\math\Matrix.cpp(6755,12): warning C4456: declaration of 'm' hides previous local declaration
  (compiling source file '/idlib/math/Matrix.cpp')
      C:\Users\mrbar\Git Folders\Game-Mod-Q4\idlib\math\Matrix.cpp(6696,12):
      see declaration of 'm'
  
  Ode.cpp
  Plane.cpp
  Pluecker.cpp
  Polynomial.cpp
C:\Users\mrbar\Git Folders\Game-Mod-Q4\idlib\math\Polynomial.cpp(12,60): warning C4458: declaration of 'degree' hides class member
  (compiling source file '/idlib/math/Polynomial.cpp')
      C:\Users\mrbar\Git Folders\Game-Mod-Q4\idlib\math\Polynomial.h(69,9):
      see declaration of 'idPolynomial::degree'
  
  Quat.cpp
  Radians.cpp
  Generating Code...
C:\Users\mrbar\Git Folders\Game-Mod-Q4\idlib\math\Matrix.cpp(3782,1): warning C4750: 'class idMatX & __thiscall idMatX::SwapRows(int,int)': function with _alloca() inlined into a loop
C:\Users\mrbar\Git Folders\Game-Mod-Q4\idlib\math\Lcp.cpp(640,1): warning C4750: 'void __thiscall idLCP_Square::CalcForceDelta(int,float)': function with _alloca() inlined into a loop
  Compiling...
  Rotation.cpp
  Simd.cpp
  Simd_3DNow.cpp
  Simd_generic.cpp
  Simd_MMX.cpp
  Simd_SSE.cpp
  Simd_SSE2.cpp
  Simd_SSE3.cpp
  Vector.cpp
  Parser.cpp
C:\Users\mrbar\Git Folders\Game-Mod-Q4\idlib\Parser.cpp(143,62): warning C4458: declaration of 'definehash' hides class member
  (compiling source file '/idlib/Parser.cpp')
      C:\Users\mrbar\Git Folders\Game-Mod-Q4\idlib\Parser.h(160,15):
      see declaration of 'idParser::definehash'
  
C:\Users\mrbar\Git Folders\Game-Mod-Q4\idlib\Parser.cpp(156,50): warning C4458: declaration of 'definehash' hides class member
  (compiling source file '/idlib/Parser.cpp')
      C:\Users\mrbar\Git Folders\Game-Mod-Q4\idlib\Parser.h(160,15):
      see declaration of 'idParser::definehash'
  
C:\Users\mrbar\Git Folders\Game-Mod-Q4\idlib\Parser.cpp(211,11): warning C4458: declaration of 'token' hides class member
  (compiling source file '/idlib/Parser.cpp')
      C:\Users\mrbar\Git Folders\Game-Mod-Q4\idlib\Parser.h(163,12):
      see declaration of 'idParser::token'
  
C:\Users\mrbar\Git Folders\Game-Mod-Q4\idlib\Parser.cpp(218,2): warning C4996: 'strcpy': This function or variable may be unsafe. Consider using strcpy_s instead. To disable deprecation, use _CRT_SECURE_NO_WARNINGS. See online help for details.
  (compiling source file '/idlib/Parser.cpp')
  
C:\Users\mrbar\Git Folders\Game-Mod-Q4\idlib\Parser.cpp(301,2): warning C4996: 'vsprintf': This function or variable may be unsafe. Consider using vsprintf_s instead. To disable deprecation, use _CRT_SECURE_NO_WARNINGS. See online help for details.
  (compiling source file '/idlib/Parser.cpp')
  
C:\Users\mrbar\Git Folders\Game-Mod-Q4\idlib\Parser.cpp(318,2): warning C4996: 'vsprintf': This function or variable may be unsafe. Consider using vsprintf_s instead. To disable deprecation, use _CRT_SECURE_NO_WARNINGS. See online help for details.
  (compiling source file '/idlib/Parser.cpp')
  
C:\Users\mrbar\Git Folders\Game-Mod-Q4\idlib\Parser.cpp(330,42): warning C4458: declaration of 'skip' hides class member
  (compiling source file '/idlib/Parser.cpp')
      C:\Users\mrbar\Git Folders\Game-Mod-Q4\idlib\Parser.h(162,9):
      see declaration of 'idParser::skip'
  
C:\Users\mrbar\Git Folders\Game-Mod-Q4\idlib\Parser.cpp(350,43): warning C4458: declaration of 'skip' hides class member
  (compiling source file '/idlib/Parser.cpp')
      C:\Users\mrbar\Git Folders\Game-Mod-Q4\idlib\Parser.h(162,9):
      see declaration of 'idParser::skip'
  
C:\Users\mrbar\Git Folders\Game-Mod-Q4\idlib\Parser.cpp(395,41): warning C4458: declaration of 'token' hides class member
  (compiling source file '/idlib/Parser.cpp')
      C:\Users\mrbar\Git Folders\Game-Mod-Q4\idlib\Parser.h(163,12):
      see declaration of 'idParser::token'
  
C:\Users\mrbar\Git Folders\Game-Mod-Q4\idlib\Parser.cpp(398,12): warning C4458: declaration of 'skip' hides class member
  (compiling source file '/idlib/Parser.cpp')
      C:\Users\mrbar\Git Folders\Game-Mod-Q4\idlib\Parser.h(162,9):
      see declaration of 'idParser::skip'
  
C:\Users\mrbar\Git Folders\Game-Mod-Q4\idlib\Parser.cpp(449,43): warning C4458: declaration of 'token' hides class member
  (compiling source file '/idlib/Parser.cpp')
      C:\Users\mrbar\Git Folders\Game-Mod-Q4\idlib\Parser.h(163,12):
      see declaration of 'idParser::token'
  
C:\Users\mrbar\Git Folders\Game-Mod-Q4\idlib\Parser.cpp(465,10): warning C4458: declaration of 'token' hides class member
  (compiling source file '/idlib/Parser.cpp')
      C:\Users\mrbar\Git Folders\Game-Mod-Q4\idlib\Parser.h(163,12):
      see declaration of 'idParser::token'
  
C:\Users\mrbar\Git Folders\Game-Mod-Q4\idlib\Parser.cpp(559,41): warning C4458: declaration of 'tokens' hides class member
  (compiling source file '/idlib/Parser.cpp')
      C:\Users\mrbar\Git Folders\Game-Mod-Q4\idlib\Parser.h(158,13):
      see declaration of 'idParser::tokens'
  
C:\Users\mrbar\Git Folders\Game-Mod-Q4\idlib\Parser.cpp(559,58): warning C4458: declaration of 'token' hides class member
  (compiling source file '/idlib/Parser.cpp')
      C:\Users\mrbar\Git Folders\Game-Mod-Q4\idlib\Parser.h(163,12):
      see declaration of 'idParser::token'
  
C:\Users\mrbar\Git Folders\Game-Mod-Q4\idlib\Parser.cpp(626,3): warning C4996: 'strcpy': This function or variable may be unsafe. Consider using strcpy_s instead. To disable deprecation, use _CRT_SECURE_NO_WARNINGS. See online help for details.
  (compiling source file '/idlib/Parser.cpp')
  
C:\Users\mrbar\Git Folders\Game-Mod-Q4\idlib\Parser.cpp(659,11): warning C4458: declaration of 'token' hides class member
  (compiling source file '/idlib/Parser.cpp')
      C:\Users\mrbar\Git Folders\Game-Mod-Q4\idlib\Parser.h(163,12):
      see declaration of 'idParser::token'
  
C:\Users\mrbar\Git Folders\Game-Mod-Q4\idlib\Parser.cpp(667,4): warning C4996: 'sprintf': This function or variable may be unsafe. Consider using sprintf_s instead. To disable deprecation, use _CRT_SECURE_NO_WARNINGS. See online help for details.
  (compiling source file '/idlib/Parser.cpp')
  
C:\Users\mrbar\Git Folders\Game-Mod-Q4\idlib\Parser.cpp(693,14): warning C4996: 'ctime': This function or variable may be unsafe. Consider using ctime_s instead. To disable deprecation, use _CRT_SECURE_NO_WARNINGS. See online help for details.
  (compiling source file '/idlib/Parser.cpp')
  
C:\Users\mrbar\Git Folders\Game-Mod-Q4\idlib\Parser.cpp(712,14): warning C4996: 'ctime': This function or variable may be unsafe. Consider using ctime_s instead. To disable deprecation, use _CRT_SECURE_NO_WARNINGS. See online help for details.
  (compiling source file '/idlib/Parser.cpp')
  
C:\Users\mrbar\Git Folders\Game-Mod-Q4\idlib\Parser.cpp(749,44): warning C4458: declaration of 'token' hides class member
  (compiling source file '/idlib/Parser.cpp')
      C:\Users\mrbar\Git Folders\Game-Mod-Q4\idlib\Parser.h(163,12):
      see declaration of 'idParser::token'
  
C:\Users\mrbar\Git Folders\Game-Mod-Q4\idlib\Parser.cpp(897,34): warning C4458: declaration of 'token' hides class member
  (compiling source file '/idlib/Parser.cpp')
      C:\Users\mrbar\Git Folders\Game-Mod-Q4\idlib\Parser.h(163,12):
      see declaration of 'idParser::token'
  
C:\Users\mrbar\Git Folders\Game-Mod-Q4\idlib\Parser.cpp(922,10): warning C4458: declaration of 'token' hides class member
  (compiling source file '/idlib/Parser.cpp')
      C:\Users\mrbar\Git Folders\Game-Mod-Q4\idlib\Parser.h(163,12):
      see declaration of 'idParser::token'
  
C:\Users\mrbar\Git Folders\Game-Mod-Q4\idlib\Parser.cpp(1007,10): warning C4458: declaration of 'token' hides class member
  (compiling source file '/idlib/Parser.cpp')
      C:\Users\mrbar\Git Folders\Game-Mod-Q4\idlib\Parser.h(163,12):
      see declaration of 'idParser::token'
  
C:\Users\mrbar\Git Folders\Game-Mod-Q4\idlib\Parser.cpp(1051,10): warning C4458: declaration of 'token' hides class member
  (compiling source file '/idlib/Parser.cpp')
      C:\Users\mrbar\Git Folders\Game-Mod-Q4\idlib\Parser.h(163,12):
      see declaration of 'idParser::token'
  
C:\Users\mrbar\Git Folders\Game-Mod-Q4\idlib\Parser.cpp(1084,2): warning C4996: 'strcpy': This function or variable may be unsafe. Consider using strcpy_s instead. To disable deprecation, use _CRT_SECURE_NO_WARNINGS. See online help for details.
  (compiling source file '/idlib/Parser.cpp')
  
C:\Users\mrbar\Git Folders\Game-Mod-Q4\idlib\Parser.cpp(1201,10): warning C4458: declaration of 'token' hides class member
  (compiling source file '/idlib/Parser.cpp')
      C:\Users\mrbar\Git Folders\Game-Mod-Q4\idlib\Parser.h(163,12):
      see declaration of 'idParser::token'
  
C:\Users\mrbar\Git Folders\Game-Mod-Q4\idlib\Parser.cpp(1203,6): warning C4458: declaration of 'skip' hides class member
  (compiling source file '/idlib/Parser.cpp')
      C:\Users\mrbar\Git Folders\Game-Mod-Q4\idlib\Parser.h(162,9):
      see declaration of 'idParser::skip'
  
C:\Users\mrbar\Git Folders\Game-Mod-Q4\idlib\Parser.cpp(1244,12): warning C4458: declaration of 'skip' hides class member
  (compiling source file '/idlib/Parser.cpp')
      C:\Users\mrbar\Git Folders\Game-Mod-Q4\idlib\Parser.h(162,9):
      see declaration of 'idParser::skip'
  
C:\Users\mrbar\Git Folders\Game-Mod-Q4\idlib\Parser.cpp(1265,12): warning C4458: declaration of 'skip' hides class member
  (compiling source file '/idlib/Parser.cpp')
      C:\Users\mrbar\Git Folders\Game-Mod-Q4\idlib\Parser.h(162,9):
      see declaration of 'idParser::skip'
  
C:\Users\mrbar\Git Folders\Game-Mod-Q4\idlib\Parser.cpp(1361,40): warning C4458: declaration of 'tokens' hides class member
  (compiling source file '/idlib/Parser.cpp')
      C:\Users\mrbar\Git Folders\Game-Mod-Q4\idlib\Parser.h(158,13):
      see declaration of 'idParser::tokens'
  
C:\Users\mrbar\Git Folders\Game-Mod-Q4\idlib\Parser.cpp(1787,10): warning C4458: declaration of 'token' hides class member
  (compiling source file '/idlib/Parser.cpp')
      C:\Users\mrbar\Git Folders\Game-Mod-Q4\idlib\Parser.h(163,12):
      see declaration of 'idParser::token'
  
C:\Users\mrbar\Git Folders\Game-Mod-Q4\idlib\Parser.cpp(1879,10): warning C4458: declaration of 'token' hides class member
  (compiling source file '/idlib/Parser.cpp')
      C:\Users\mrbar\Git Folders\Game-Mod-Q4\idlib\Parser.h(163,12):
      see declaration of 'idParser::token'
  
C:\Users\mrbar\Git Folders\Game-Mod-Q4\idlib\Parser.cpp(1980,12): warning C4458: declaration of 'skip' hides class member
  (compiling source file '/idlib/Parser.cpp')
      C:\Users\mrbar\Git Folders\Game-Mod-Q4\idlib\Parser.h(162,9):
      see declaration of 'idParser::skip'
  
C:\Users\mrbar\Git Folders\Game-Mod-Q4\idlib\Parser.cpp(2002,6): warning C4458: declaration of 'skip' hides class member
  (compiling source file '/idlib/Parser.cpp')
      C:\Users\mrbar\Git Folders\Game-Mod-Q4\idlib\Parser.h(162,9):
      see declaration of 'idParser::skip'
  
C:\Users\mrbar\Git Folders\Game-Mod-Q4\idlib\Parser.cpp(2018,10): warning C4458: declaration of 'token' hides class member
  (compiling source file '/idlib/Parser.cpp')
      C:\Users\mrbar\Git Folders\Game-Mod-Q4\idlib\Parser.h(163,12):
      see declaration of 'idParser::token'
  
C:\Users\mrbar\Git Folders\Game-Mod-Q4\idlib\Parser.cpp(2032,10): warning C4458: declaration of 'token' hides class member
  (compiling source file '/idlib/Parser.cpp')
      C:\Users\mrbar\Git Folders\Game-Mod-Q4\idlib\Parser.h(163,12):
      see declaration of 'idParser::token'
  
C:\Users\mrbar\Git Folders\Game-Mod-Q4\idlib\Parser.cpp(2048,10): warning C4458: declaration of 'token' hides class member
  (compiling source file '/idlib/Parser.cpp')
      C:\Users\mrbar\Git Folders\Game-Mod-Q4\idlib\Parser.h(163,12):
      see declaration of 'idParser::token'
  
C:\Users\mrbar\Git Folders\Game-Mod-Q4\idlib\Parser.cpp(2064,10): warning C4458: declaration of 'token' hides class member
  (compiling source file '/idlib/Parser.cpp')
      C:\Users\mrbar\Git Folders\Game-Mod-Q4\idlib\Parser.h(163,12):
      see declaration of 'idParser::token'
  
C:\Users\mrbar\Git Folders\Game-Mod-Q4\idlib\Parser.cpp(2078,10): warning C4458: declaration of 'token' hides class member
  (compiling source file '/idlib/Parser.cpp')
      C:\Users\mrbar\Git Folders\Game-Mod-Q4\idlib\Parser.h(163,12):
      see declaration of 'idParser::token'
  
C:\Users\mrbar\Git Folders\Game-Mod-Q4\idlib\Parser.cpp(2098,10): warning C4458: declaration of 'token' hides class member
  (compiling source file '/idlib/Parser.cpp')
      C:\Users\mrbar\Git Folders\Game-Mod-Q4\idlib\Parser.h(163,12):
      see declaration of 'idParser::token'
  
C:\Users\mrbar\Git Folders\Game-Mod-Q4\idlib\Parser.cpp(2110,2): warning C4996: 'sprintf': This function or variable may be unsafe. Consider using sprintf_s instead. To disable deprecation, use _CRT_SECURE_NO_WARNINGS. See online help for details.
  (compiling source file '/idlib/Parser.cpp')
  
C:\Users\mrbar\Git Folders\Game-Mod-Q4\idlib\Parser.cpp(2128,10): warning C4458: declaration of 'token' hides class member
  (compiling source file '/idlib/Parser.cpp')
      C:\Users\mrbar\Git Folders\Game-Mod-Q4\idlib\Parser.h(163,12):
      see declaration of 'idParser::token'
  
C:\Users\mrbar\Git Folders\Game-Mod-Q4\idlib\Parser.cpp(2140,2): warning C4996: 'sprintf': This function or variable may be unsafe. Consider using sprintf_s instead. To disable deprecation, use _CRT_SECURE_NO_WARNINGS. See online help for details.
  (compiling source file '/idlib/Parser.cpp')
  
C:\Users\mrbar\Git Folders\Game-Mod-Q4\idlib\Parser.cpp(2157,10): warning C4458: declaration of 'token' hides class member
  (compiling source file '/idlib/Parser.cpp')
      C:\Users\mrbar\Git Folders\Game-Mod-Q4\idlib\Parser.h(163,12):
      see declaration of 'idParser::token'
  
C:\Users\mrbar\Git Folders\Game-Mod-Q4\idlib\Parser.cpp(2237,10): warning C4458: declaration of 'token' hides class member
  (compiling source file '/idlib/Parser.cpp')
      C:\Users\mrbar\Git Folders\Game-Mod-Q4\idlib\Parser.h(163,12):
      see declaration of 'idParser::token'
  
C:\Users\mrbar\Git Folders\Game-Mod-Q4\idlib\Parser.cpp(2249,2): warning C4996: 'sprintf': This function or variable may be unsafe. Consider using sprintf_s instead. To disable deprecation, use _CRT_SECURE_NO_WARNINGS. See online help for details.
  (compiling source file '/idlib/Parser.cpp')
  
C:\Users\mrbar\Git Folders\Game-Mod-Q4\idlib\Parser.cpp(2269,10): warning C4458: declaration of 'token' hides class member
  (compiling source file '/idlib/Parser.cpp')
      C:\Users\mrbar\Git Folders\Game-Mod-Q4\idlib\Parser.h(163,12):
      see declaration of 'idParser::token'
  
C:\Users\mrbar\Git Folders\Game-Mod-Q4\idlib\Parser.cpp(2281,2): warning C4996: 'sprintf': This function or variable may be unsafe. Consider using sprintf_s instead. To disable deprecation, use _CRT_SECURE_NO_WARNINGS. See online help for details.
  (compiling source file '/idlib/Parser.cpp')
  
C:\Users\mrbar\Git Folders\Game-Mod-Q4\idlib\Parser.cpp(2300,10): warning C4458: declaration of 'token' hides class member
  (compiling source file '/idlib/Parser.cpp')
      C:\Users\mrbar\Git Folders\Game-Mod-Q4\idlib\Parser.h(163,12):
      see declaration of 'idParser::token'
  
C:\Users\mrbar\Git Folders\Game-Mod-Q4\idlib\Parser.cpp(2331,35): warning C4458: declaration of 'token' hides class member
  (compiling source file '/idlib/Parser.cpp')
      C:\Users\mrbar\Git Folders\Game-Mod-Q4\idlib\Parser.h(163,12):
      see declaration of 'idParser::token'
  
C:\Users\mrbar\Git Folders\Game-Mod-Q4\idlib\Parser.cpp(2396,10): warning C4458: declaration of 'token' hides class member
  (compiling source file '/idlib/Parser.cpp')
      C:\Users\mrbar\Git Folders\Game-Mod-Q4\idlib\Parser.h(163,12):
      see declaration of 'idParser::token'
  
C:\Users\mrbar\Git Folders\Game-Mod-Q4\idlib\Parser.cpp(2415,64): warning C4458: declaration of 'token' hides class member
  (compiling source file '/idlib/Parser.cpp')
      C:\Users\mrbar\Git Folders\Game-Mod-Q4\idlib\Parser.h(163,12):
      see declaration of 'idParser::token'
  
C:\Users\mrbar\Git Folders\Game-Mod-Q4\idlib\Parser.cpp(2469,40): warning C4458: declaration of 'token' hides class member
  (compiling source file '/idlib/Parser.cpp')
      C:\Users\mrbar\Git Folders\Game-Mod-Q4\idlib\Parser.h(163,12):
      see declaration of 'idParser::token'
  
C:\Users\mrbar\Git Folders\Game-Mod-Q4\idlib\Parser.cpp(2504,63): warning C4458: declaration of 'token' hides class member
  (compiling source file '/idlib/Parser.cpp')
      C:\Users\mrbar\Git Folders\Game-Mod-Q4\idlib\Parser.h(163,12):
      see declaration of 'idParser::token'
  
C:\Users\mrbar\Git Folders\Game-Mod-Q4\idlib\Parser.cpp(2526,10): warning C4458: declaration of 'token' hides class member
  (compiling source file '/idlib/Parser.cpp')
      C:\Users\mrbar\Git Folders\Game-Mod-Q4\idlib\Parser.h(163,12):
      see declaration of 'idParser::token'
  
C:\Users\mrbar\Git Folders\Game-Mod-Q4\idlib\Parser.cpp(2542,10): warning C4458: declaration of 'token' hides class member
  (compiling source file '/idlib/Parser.cpp')
      C:\Users\mrbar\Git Folders\Game-Mod-Q4\idlib\Parser.h(163,12):
      see declaration of 'idParser::token'
  
C:\Users\mrbar\Git Folders\Game-Mod-Q4\idlib\Parser.cpp(2562,10): warning C4458: declaration of 'token' hides class member
  (compiling source file '/idlib/Parser.cpp')
      C:\Users\mrbar\Git Folders\Game-Mod-Q4\idlib\Parser.h(163,12):
      see declaration of 'idParser::token'
  
C:\Users\mrbar\Git Folders\Game-Mod-Q4\idlib\Parser.cpp(2606,10): warning C4458: declaration of 'token' hides class member
  (compiling source file '/idlib/Parser.cpp')
      C:\Users\mrbar\Git Folders\Game-Mod-Q4\idlib\Parser.h(163,12):
      see declaration of 'idParser::token'
  
C:\Users\mrbar\Git Folders\Game-Mod-Q4\idlib\Parser.cpp(2674,10): warning C4458: declaration of 'token' hides class member
  (compiling source file '/idlib/Parser.cpp')
      C:\Users\mrbar\Git Folders\Game-Mod-Q4\idlib\Parser.h(163,12):
      see declaration of 'idParser::token'
  
C:\Users\mrbar\Git Folders\Game-Mod-Q4\idlib\Parser.cpp(2695,38): warning C4458: declaration of 'token' hides class member
  (compiling source file '/idlib/Parser.cpp')
      C:\Users\mrbar\Git Folders\Game-Mod-Q4\idlib\Parser.h(163,12):
      see declaration of 'idParser::token'
  
C:\Users\mrbar\Git Folders\Game-Mod-Q4\idlib\Parser.cpp(2704,41): warning C4458: declaration of 'token' hides class member
  (compiling source file '/idlib/Parser.cpp')
      C:\Users\mrbar\Git Folders\Game-Mod-Q4\idlib\Parser.h(163,12):
      see declaration of 'idParser::token'
  
C:\Users\mrbar\Git Folders\Game-Mod-Q4\idlib\Parser.cpp(2726,10): warning C4458: declaration of 'token' hides class member
  (compiling source file '/idlib/Parser.cpp')
      C:\Users\mrbar\Git Folders\Game-Mod-Q4\idlib\Parser.h(163,12):
      see declaration of 'idParser::token'
  
C:\Users\mrbar\Git Folders\Game-Mod-Q4\idlib\Parser.cpp(2748,10): warning C4458: declaration of 'token' hides class member
  (compiling source file '/idlib/Parser.cpp')
      C:\Users\mrbar\Git Folders\Game-Mod-Q4\idlib\Parser.h(163,12):
      see declaration of 'idParser::token'
  
C:\Users\mrbar\Git Folders\Game-Mod-Q4\idlib\Parser.cpp(2763,10): warning C4458: declaration of 'token' hides class member
  (compiling source file '/idlib/Parser.cpp')
      C:\Users\mrbar\Git Folders\Game-Mod-Q4\idlib\Parser.h(163,12):
      see declaration of 'idParser::token'
  
C:\Users\mrbar\Git Folders\Game-Mod-Q4\idlib\Parser.cpp(2900,11): warning C4458: declaration of 'token' hides class member
  (compiling source file '/idlib/Parser.cpp')
      C:\Users\mrbar\Git Folders\Game-Mod-Q4\idlib\Parser.h(163,12):
      see declaration of 'idParser::token'
  
C:\Users\mrbar\Git Folders\Game-Mod-Q4\idlib\Parser.cpp(2942,30): warning C4458: declaration of 'flags' hides class member
  (compiling source file '/idlib/Parser.cpp')
      C:\Users\mrbar\Git Folders\Game-Mod-Q4\idlib\Parser.h(156,9):
      see declaration of 'idParser::flags'
  
C:\Users\mrbar\Git Folders\Game-Mod-Q4\idlib\Parser.cpp(2965,37): warning C4458: declaration of 'filename' hides class member
  (compiling source file '/idlib/Parser.cpp')
      C:\Users\mrbar\Git Folders\Game-Mod-Q4\idlib\Parser.h(152,10):
      see declaration of 'idParser::filename'
  
C:\Users\mrbar\Git Folders\Game-Mod-Q4\idlib\Parser.cpp(2965,52): warning C4458: declaration of 'OSPath' hides class member
  (compiling source file '/idlib/Parser.cpp')
      C:\Users\mrbar\Git Folders\Game-Mod-Q4\idlib\Parser.h(154,9):
      see declaration of 'idParser::OSPath'
  
C:\Users\mrbar\Git Folders\Game-Mod-Q4\idlib\Parser.cpp(3044,11): warning C4458: declaration of 'token' hides class member
  (compiling source file '/idlib/Parser.cpp')
      C:\Users\mrbar\Git Folders\Game-Mod-Q4\idlib\Parser.h(163,12):
      see declaration of 'idParser::token'
  
  rvHeap.cpp
  rvHeapArena.cpp
  rvMemSys.cpp
  Str.cpp
C:\Users\mrbar\Git Folders\Game-Mod-Q4\idlib\Str.cpp(217,3): warning C4996: 'strcpy': This function or variable may be unsafe. Consider using strcpy_s instead. To disable deprecation, use _CRT_SECURE_NO_WARNINGS. See online help for details.
  (compiling source file '/idlib/Str.cpp')
  
C:\Users\mrbar\Git Folders\Game-Mod-Q4\idlib\Str.cpp(298,2): warning C4996: 'strcpy': This function or variable may be unsafe. Consider using strcpy_s instead. To disable deprecation, use _CRT_SECURE_NO_WARNINGS. See online help for details.
  (compiling source file '/idlib/Str.cpp')
  
C:\Users\mrbar\Git Folders\Game-Mod-Q4\idlib\Str.cpp(739,40): warning C4458: declaration of 'len' hides class member
  (compiling source file '/idlib/Str.cpp')
      C:\Users\mrbar\Git Folders\Game-Mod-Q4\idlib\Str.h(357,10):
      see declaration of 'idStr::len'
  
C:\Users\mrbar\Git Folders\Game-Mod-Q4\idlib\Str.cpp(762,34): warning C4458: declaration of 'len' hides class member
  (compiling source file '/idlib/Str.cpp')
      C:\Users\mrbar\Git Folders\Game-Mod-Q4\idlib\Str.h(357,10):
      see declaration of 'idStr::len'
  
C:\Users\mrbar\Git Folders\Game-Mod-Q4\idlib\Str.cpp(1685,2): warning C4996: 'strncpy': This function or variable may be unsafe. Consider using strncpy_s instead. To disable deprecation, use _CRT_SECURE_NO_WARNINGS. See online help for details.
  (compiling source file '/idlib/Str.cpp')
  
C:\Users\mrbar\Git Folders\Game-Mod-Q4\idlib\Str.cpp(1849,8): warning C4996: 'vsprintf': This function or variable may be unsafe. Consider using vsprintf_s instead. To disable deprecation, use _CRT_SECURE_NO_WARNINGS. See online help for details.
  (compiling source file '/idlib/Str.cpp')
  
C:\Users\mrbar\Git Folders\Game-Mod-Q4\idlib\Str.cpp(1885,8): warning C4996: '_vsnprintf': This function or variable may be unsafe. Consider using _vsnprintf_s instead. To disable deprecation, use _CRT_SECURE_NO_WARNINGS. See online help for details.
  (compiling source file '/idlib/Str.cpp')
  
C:\Users\mrbar\Git Folders\Game-Mod-Q4\idlib\Str.cpp(1959,2): warning C4996: 'vsprintf': This function or variable may be unsafe. Consider using vsprintf_s instead. To disable deprecation, use _CRT_SECURE_NO_WARNINGS. See online help for details.
  (compiling source file '/idlib/Str.cpp')
  
  TextCompiler.cpp
  Timer.cpp
  TimingCollection.cpp
C:\Users\mrbar\Git Folders\Game-Mod-Q4\idlib\TimingCollection.cpp(76,2): warning C4996: 'sprintf': This function or variable may be unsafe. Consider using sprintf_s instead. To disable deprecation, use _CRT_SECURE_NO_WARNINGS. See online help for details.
  (compiling source file '/idlib/TimingCollection.cpp')
  
C:\Users\mrbar\Git Folders\Game-Mod-Q4\idlib\TimingCollection.cpp(92,2): warning C4996: 'sprintf': This function or variable may be unsafe. Consider using sprintf_s instead. To disable deprecation, use _CRT_SECURE_NO_WARNINGS. See online help for details.
  (compiling source file '/idlib/TimingCollection.cpp')
  
C:\Users\mrbar\Git Folders\Game-Mod-Q4\idlib\TimingCollection.cpp(95,2): warning C4996: 'sprintf': This function or variable may be unsafe. Consider using sprintf_s instead. To disable deprecation, use _CRT_SECURE_NO_WARNINGS. See online help for details.
  (compiling source file '/idlib/TimingCollection.cpp')
  
C:\Users\mrbar\Git Folders\Game-Mod-Q4\idlib\TimingCollection.cpp(200,2): warning C4996: 'sprintf': This function or variable may be unsafe. Consider using sprintf_s instead. To disable deprecation, use _CRT_SECURE_NO_WARNINGS. See online help for details.
  (compiling source file '/idlib/TimingCollection.cpp')
  
C:\Users\mrbar\Git Folders\Game-Mod-Q4\idlib\TimingCollection.cpp(203,2): warning C4996: 'sprintf': This function or variable may be unsafe. Consider using sprintf_s instead. To disable deprecation, use _CRT_SECURE_NO_WARNINGS. See online help for details.
  (compiling source file '/idlib/TimingCollection.cpp')
  
C:\Users\mrbar\Git Folders\Game-Mod-Q4\idlib\TimingCollection.cpp(212,4): warning C4996: 'sprintf': This function or variable may be unsafe. Consider using sprintf_s instead. To disable deprecation, use _CRT_SECURE_NO_WARNINGS. See online help for details.
  (compiling source file '/idlib/TimingCollection.cpp')
  
C:\Users\mrbar\Git Folders\Game-Mod-Q4\idlib\TimingCollection.cpp(217,2): warning C4996: 'sprintf': This function or variable may be unsafe. Consider using sprintf_s instead. To disable deprecation, use _CRT_SECURE_NO_WARNINGS. See online help for details.
  (compiling source file '/idlib/TimingCollection.cpp')
  
  Token.cpp
  Generating Code...
C:\Users\mrbar\Git Folders\Game-Mod-Q4\idlib\math\Simd_SSE.cpp(2737,1): warning C4740: flow in or out of inline asm code suppresses global optimization
C:\Users\mrbar\Git Folders\Game-Mod-Q4\idlib\math\Simd_SSE.cpp(2759,1): warning C4740: flow in or out of inline asm code suppresses global optimization
C:\Users\mrbar\Git Folders\Game-Mod-Q4\idlib\math\Simd_SSE.cpp(2748,1): warning C4740: flow in or out of inline asm code suppresses global optimization
C:\Users\mrbar\Git Folders\Game-Mod-Q4\idlib\math\Simd_SSE.cpp(2770,1): warning C4740: flow in or out of inline asm code suppresses global optimization
C:\Users\mrbar\Git Folders\Game-Mod-Q4\idlib\math\Simd_SSE.cpp(2781,1): warning C4740: flow in or out of inline asm code suppresses global optimization
C:\Users\mrbar\Git Folders\Game-Mod-Q4\idlib\math\Simd_SSE.cpp(2792,1): warning C4740: flow in or out of inline asm code suppresses global optimization
C:\Users\mrbar\Git Folders\Game-Mod-Q4\idlib\math\Simd_SSE.cpp(2803,1): warning C4740: flow in or out of inline asm code suppresses global optimization
C:\Users\mrbar\Git Folders\Game-Mod-Q4\idlib\math\Simd_SSE.cpp(2814,1): warning C4740: flow in or out of inline asm code suppresses global optimization
  idlib.vcxproj -> C:\Users\mrbar\Git Folders\Win32\Release\idLib.lib
