c:\users\mrbar\git folders\win32\release\idlib\idlib.pch
c:\users\mrbar\git folders\win32\release\idlib.pdb
c:\users\mrbar\git folders\win32\release\idlib\lib.obj
c:\users\mrbar\git folders\win32\release\idlib\crc8.obj
c:\users\mrbar\git folders\win32\release\idlib\crc32.obj
c:\users\mrbar\git folders\win32\release\idlib\crc16.obj
c:\users\mrbar\git folders\win32\release\idlib\winding2d.obj
c:\users\mrbar\git folders\win32\release\idlib\winding.obj
c:\users\mrbar\git folders\win32\release\idlib\tracemodel.obj
c:\users\mrbar\git folders\win32\release\idlib\surface_sweptspline.obj
c:\users\mrbar\git folders\win32\release\idlib\surface_polytope.obj
c:\users\mrbar\git folders\win32\release\idlib\surface_patch.obj
c:\users\mrbar\git folders\win32\release\idlib\surface.obj
c:\users\mrbar\git folders\win32\release\idlib\jointtransform.obj
c:\users\mrbar\git folders\win32\release\idlib\dict.obj
c:\users\mrbar\git folders\win32\release\idlib\hashindex.obj
c:\users\mrbar\git folders\win32\release\idlib\cmdargs.obj
c:\users\mrbar\git folders\win32\release\idlib\sphere.obj
c:\users\mrbar\git folders\win32\release\idlib\frustum.obj
c:\users\mrbar\git folders\win32\release\idlib\box.obj
c:\users\mrbar\git folders\win32\release\idlib\bounds.obj
c:\users\mrbar\git folders\win32\release\idlib\bitmsg.obj
c:\users\mrbar\git folders\win32\release\idlib\base64.obj
c:\users\mrbar\git folders\win32\release\idlib\radians.obj
c:\users\mrbar\git folders\win32\release\idlib\quat.obj
c:\users\mrbar\git folders\win32\release\idlib\polynomial.obj
c:\users\mrbar\git folders\win32\release\idlib\pluecker.obj
c:\users\mrbar\git folders\win32\release\idlib\plane.obj
c:\users\mrbar\git folders\win32\release\idlib\ode.obj
c:\users\mrbar\git folders\win32\release\idlib\matrix.obj
c:\users\mrbar\git folders\win32\release\idlib\math.obj
c:\users\mrbar\git folders\win32\release\idlib\lcp.obj
c:\users\mrbar\git folders\win32\release\idlib\fft.obj
c:\users\mrbar\git folders\win32\release\idlib\complex.obj
c:\users\mrbar\git folders\win32\release\idlib\angles.obj
c:\users\mrbar\git folders\win32\release\idlib\mapfile.obj
c:\users\mrbar\git folders\win32\release\idlib\lexerfactory.obj
c:\users\mrbar\git folders\win32\release\idlib\lexer.obj
c:\users\mrbar\git folders\win32\release\idlib\langdict.obj
c:\users\mrbar\git folders\win32\release\idlib\heap.obj
c:\users\mrbar\git folders\win32\release\idlib\md5.obj
c:\users\mrbar\git folders\win32\release\idlib\md4.obj
c:\users\mrbar\git folders\win32\release\idlib\honeyman.obj
c:\users\mrbar\git folders\win32\release\idlib\token.obj
c:\users\mrbar\git folders\win32\release\idlib\timingcollection.obj
c:\users\mrbar\git folders\win32\release\idlib\timer.obj
c:\users\mrbar\git folders\win32\release\idlib\textcompiler.obj
c:\users\mrbar\git folders\win32\release\idlib\str.obj
c:\users\mrbar\git folders\win32\release\idlib\rvmemsys.obj
c:\users\mrbar\git folders\win32\release\idlib\rvheaparena.obj
c:\users\mrbar\git folders\win32\release\idlib\rvheap.obj
c:\users\mrbar\git folders\win32\release\idlib\parser.obj
c:\users\mrbar\git folders\win32\release\idlib\vector.obj
c:\users\mrbar\git folders\win32\release\idlib\simd_sse3.obj
c:\users\mrbar\git folders\win32\release\idlib\simd_sse2.obj
c:\users\mrbar\git folders\win32\release\idlib\simd_sse.obj
c:\users\mrbar\git folders\win32\release\idlib\simd_mmx.obj
c:\users\mrbar\git folders\win32\release\idlib\simd_generic.obj
c:\users\mrbar\git folders\win32\release\idlib\simd_3dnow.obj
c:\users\mrbar\git folders\win32\release\idlib\simd.obj
c:\users\mrbar\git folders\win32\release\idlib\rotation.obj
c:\users\mrbar\git folders\win32\release\idlib.lib
c:\users\mrbar\git folders\win32\release\gamex86.pdb
c:\users\mrbar\git folders\win32\release\idlib.tlog\cl.command.1.tlog
c:\users\mrbar\git folders\win32\release\idlib.tlog\cl.items.tlog
c:\users\mrbar\git folders\win32\release\idlib.tlog\cl.read.1.tlog
c:\users\mrbar\git folders\win32\release\idlib.tlog\cl.write.1.tlog
c:\users\mrbar\git folders\win32\release\idlib.tlog\lib-link.read.1.tlog
c:\users\mrbar\git folders\win32\release\idlib.tlog\lib-link.write.1.tlog
c:\users\mrbar\git folders\win32\release\idlib.tlog\lib.command.1.tlog
